INFO main com.fanchen.xmlutil.XmlReader2DOM - clusId : 164
INFO main com.fanchen.xmlutil.XmlReader2DOM - fetch element feature
INFO main com.fanchen.xmlutil.XmlReader2DOM - feature : 亲爱的老乡 版面 本科 格式 联署 评论 沙发 学生证 转发 
INFO main com.fanchen.xmlutil.XmlReader2DOM - fetch attribute docs's Num
INFO main com.fanchen.xmlutil.XmlReader2DOM - docsNum : 2
INFO main com.fanchen.xmlutil.XmlReader2DOM - insert into SQLite
INFO main com.fanchen.sqliteutil.SQLiteImpl - load driver class
INFO main com.fanchen.sqliteutil.SQLiteImpl - get connection success
INFO main com.fanchen.sqliteutil.SQLiteImpl - SQL : insert into message values(?,?,?)
INFO main com.fanchen.sqliteutil.SQLiteImpl - execute insert sql
INFO main com.fanchen.sqliteutil.SQLiteImpl - close sqlite db connection
INFO main com.fanchen.xmlutil.XmlReader2DOM - fetch attribute clus's id
INFO main com.fanchen.xmlutil.XmlReader2DOM - clusId : 165
INFO main com.fanchen.xmlutil.XmlReader2DOM - fetch element feature
INFO main com.fanchen.xmlutil.XmlReader2DOM - feature : 清真餐厅 麻辣烫 食堂 营业 娜清真 
INFO main com.fanchen.xmlutil.XmlReader2DOM - fetch attribute docs's Num
INFO main com.fanchen.xmlutil.XmlReader2DOM - docsNum : 2
INFO main com.fanchen.xmlutil.XmlReader2DOM - insert into SQLite
INFO main com.fanchen.sqliteutil.SQLiteImpl - load driver class
INFO main com.fanchen.sqliteutil.SQLiteImpl - get connection success
INFO main com.fanchen.sqliteutil.SQLiteImpl - SQL : insert into message values(?,?,?)
INFO main com.fanchen.sqliteutil.SQLiteImpl - execute insert sql
INFO main com.fanchen.sqliteutil.SQLiteImpl - close sqlite db connection
INFO main com.fanchen.xmlutil.XmlReader2DOM - fetch attribute clus's id
INFO main com.fanchen.xmlutil.XmlReader2DOM - clusId : 166
INFO main com.fanchen.xmlutil.XmlReader2DOM - fetch element feature
INFO main com.fanchen.xmlutil.XmlReader2DOM - feature : 马丹 
INFO main com.fanchen.xmlutil.XmlReader2DOM - fetch attribute docs's Num
INFO main com.fanchen.xmlutil.XmlReader2DOM - docsNum : 2
INFO main com.fanchen.xmlutil.XmlReader2DOM - insert into SQLite
INFO main com.fanchen.sqliteutil.SQLiteImpl - load driver class
INFO main com.fanchen.sqliteutil.SQLiteImpl - get connection success
INFO main com.fanchen.sqliteutil.SQLiteImpl - SQL : insert into message values(?,?,?)
INFO main com.fanchen.sqliteutil.SQLiteImpl - execute insert sql
INFO main com.fanchen.sqliteutil.SQLiteImpl - close sqlite db connection
INFO main com.fanchen.xmlutil.XmlReader2DOM - fetch attribute clus's id
INFO main com.fanchen.xmlutil.XmlReader2DOM - clusId : 167
INFO main com.fanchen.xmlutil.XmlReader2DOM - fetch element feature
INFO main com.fanchen.xmlutil.XmlReader2DOM - feature : 区间不对 北京 车站 大妈 好说 顺义 自动 
INFO main com.fanchen.xmlutil.XmlReader2DOM - fetch attribute docs's Num
INFO main com.fanchen.xmlutil.XmlReader2DOM - docsNum : 2
INFO main com.fanchen.xmlutil.XmlReader2DOM - insert into SQLite
INFO main com.fanchen.sqliteutil.SQLiteImpl - load driver class
INFO main com.fanchen.sqliteutil.SQLiteImpl - get connection success
INFO main com.fanchen.sqliteutil.SQLiteImpl - SQL : insert into message values(?,?,?)
INFO main com.fanchen.sqliteutil.SQLiteImpl - execute insert sql
INFO main com.fanchen.sqliteutil.SQLiteImpl - close sqlite db connection
INFO main com.fanchen.xmlutil.XmlReader2DOM - fetch attribute clus's id
INFO main com.fanchen.xmlutil.XmlReader2DOM - clusId : 168
INFO main com.fanchen.xmlutil.XmlReader2DOM - fetch element feature
INFO main com.fanchen.xmlutil.XmlReader2DOM - feature : 离散数学 
INFO main com.fanchen.xmlutil.XmlReader2DOM - fetch attribute docs's Num
INFO main com.fanchen.xmlutil.XmlReader2DOM - docsNum : 2
INFO main com.fanchen.xmlutil.XmlReader2DOM - insert into SQLite
INFO main com.fanchen.sqliteutil.SQLiteImpl - load driver class
INFO main com.fanchen.sqliteutil.SQLiteImpl - get connection success
INFO main com.fanchen.sqliteutil.SQLiteImpl - SQL : insert into message values(?,?,?)
INFO main com.fanchen.sqliteutil.SQLiteImpl - execute insert sql
INFO main com.fanchen.sqliteutil.SQLiteImpl - close sqlite db connection
INFO main com.fanchen.xmlutil.XmlReader2DOM - fetch attribute clus's id
INFO main com.fanchen.xmlutil.XmlReader2DOM - clusId : 169
INFO main com.fanchen.xmlutil.XmlReader2DOM - fetch element feature
INFO main com.fanchen.xmlutil.XmlReader2DOM - feature : 滚蛋杯 
INFO main com.fanchen.xmlutil.XmlReader2DOM - fetch attribute docs's Num
INFO main com.fanchen.xmlutil.XmlReader2DOM - docsNum : 2
INFO main com.fanchen.xmlutil.XmlReader2DOM - insert into SQLite
INFO main com.fanchen.sqliteutil.SQLiteImpl - load driver class
INFO main com.fanchen.sqliteutil.SQLiteImpl - get connection success
INFO main com.fanchen.sqliteutil.SQLiteImpl - SQL : insert into message values(?,?,?)
INFO main com.fanchen.sqliteutil.SQLiteImpl - execute insert sql
INFO main com.fanchen.sqliteutil.SQLiteImpl - close sqlite db connection
INFO main com.fanchen.xmlutil.XmlReader2DOM - fetch attribute clus's id
INFO main com.fanchen.xmlutil.XmlReader2DOM - clusId : 170
INFO main com.fanchen.xmlutil.XmlReader2DOM - fetch element feature
INFO main com.fanchen.xmlutil.XmlReader2DOM - feature : 炫酷 红绿灯 样子 
INFO main com.fanchen.xmlutil.XmlReader2DOM - fetch attribute docs's Num
INFO main com.fanchen.xmlutil.XmlReader2DOM - docsNum : 2
INFO main com.fanchen.xmlutil.XmlReader2DOM - insert into SQLite
INFO main com.fanchen.sqliteutil.SQLiteImpl - load driver class
INFO main com.fanchen.sqliteutil.SQLiteImpl - get connection success
INFO main com.fanchen.sqliteutil.SQLiteImpl - SQL : insert into message values(?,?,?)
INFO main com.fanchen.sqliteutil.SQLiteImpl - execute insert sql
INFO main com.fanchen.sqliteutil.SQLiteImpl - close sqlite db connection
INFO main com.fanchen.xmlutil.XmlReader2DOM - fetch attribute clus's id
INFO main com.fanchen.xmlutil.XmlReader2DOM - clusId : 171
INFO main com.fanchen.xmlutil.XmlReader2DOM - fetch element feature
INFO main com.fanchen.xmlutil.XmlReader2DOM - feature : 群 错群 邮斗 
INFO main com.fanchen.xmlutil.XmlReader2DOM - fetch attribute docs's Num
INFO main com.fanchen.xmlutil.XmlReader2DOM - docsNum : 2
INFO main com.fanchen.xmlutil.XmlReader2DOM - insert into SQLite
INFO main com.fanchen.sqliteutil.SQLiteImpl - load driver class
INFO main com.fanchen.sqliteutil.SQLiteImpl - get connection success
INFO main com.fanchen.sqliteutil.SQLiteImpl - SQL : insert into message values(?,?,?)
INFO main com.fanchen.sqliteutil.SQLiteImpl - execute insert sql
INFO main com.fanchen.sqliteutil.SQLiteImpl - close sqlite db connection
INFO main com.fanchen.xmlutil.XmlReader2DOM - fetch attribute clus's id
INFO main com.fanchen.xmlutil.XmlReader2DOM - clusId : 172
INFO main com.fanchen.xmlutil.XmlReader2DOM - fetch element feature
INFO main com.fanchen.xmlutil.XmlReader2DOM - feature : 肉肉 表情 南瓜 炒肉 扯肉 
INFO main com.fanchen.xmlutil.XmlReader2DOM - fetch attribute docs's Num
INFO main com.fanchen.xmlutil.XmlReader2DOM - docsNum : 2
INFO main com.fanchen.xmlutil.XmlReader2DOM - insert into SQLite
INFO main com.fanchen.sqliteutil.SQLiteImpl - load driver class
INFO main com.fanchen.sqliteutil.SQLiteImpl - get connection success
INFO main com.fanchen.sqliteutil.SQLiteImpl - SQL : insert into message values(?,?,?)
INFO main com.fanchen.sqliteutil.SQLiteImpl - execute insert sql
INFO main com.fanchen.sqliteutil.SQLiteImpl - close sqlite db connection
INFO main com.fanchen.xmlutil.XmlReader2DOM - fetch attribute clus's id
INFO main com.fanchen.xmlutil.XmlReader2DOM - clusId : 173
INFO main com.fanchen.xmlutil.XmlReader2DOM - fetch element feature
INFO main com.fanchen.xmlutil.XmlReader2DOM - feature : 肉质细腻 榴莲 绵密 肉质 入口 泰国 细腻 限量 
INFO main com.fanchen.xmlutil.XmlReader2DOM - fetch attribute docs's Num
INFO main com.fanchen.xmlutil.XmlReader2DOM - docsNum : 2
INFO main com.fanchen.xmlutil.XmlReader2DOM - insert into SQLite
INFO main com.fanchen.sqliteutil.SQLiteImpl - load driver class
INFO main com.fanchen.sqliteutil.SQLiteImpl - get connection success
INFO main com.fanchen.sqliteutil.SQLiteImpl - SQL : insert into message values(?,?,?)
INFO main com.fanchen.sqliteutil.SQLiteImpl - execute insert sql
INFO main com.fanchen.sqliteutil.SQLiteImpl - close sqlite db connection
INFO main com.fanchen.xmlutil.XmlReader2DOM - fetch attribute clus's id
INFO main com.fanchen.xmlutil.XmlReader2DOM - clusId : 174
INFO main com.fanchen.xmlutil.XmlReader2DOM - fetch element feature
INFO main com.fanchen.xmlutil.XmlReader2DOM - feature : 入口绵密 榴莲 绵密 肉质 入口 泰国 细腻 限量 
INFO main com.fanchen.xmlutil.XmlReader2DOM - fetch attribute docs's Num
INFO main com.fanchen.xmlutil.XmlReader2DOM - docsNum : 2
INFO main com.fanchen.xmlutil.XmlReader2DOM - insert into SQLite
INFO main com.fanchen.sqliteutil.SQLiteImpl - load driver class
INFO main com.fanchen.sqliteutil.SQLiteImpl - get connection success
INFO main com.fanchen.sqliteutil.SQLiteImpl - SQL : insert into message values(?,?,?)
INFO main com.fanchen.sqliteutil.SQLiteImpl - execute insert sql
INFO main com.fanchen.sqliteutil.SQLiteImpl - close sqlite db connection
INFO main com.fanchen.xmlutil.XmlReader2DOM - fetch attribute clus's id
INFO main com.fanchen.xmlutil.XmlReader2DOM - clusId : 175
INFO main com.fanchen.xmlutil.XmlReader2DOM - fetch element feature
INFO main com.fanchen.xmlutil.XmlReader2DOM - feature : 富强和谐 友善 吱一 
INFO main com.fanchen.xmlutil.XmlReader2DOM - fetch attribute docs's Num
INFO main com.fanchen.xmlutil.XmlReader2DOM - docsNum : 2
INFO main com.fanchen.xmlutil.XmlReader2DOM - insert into SQLite
INFO main com.fanchen.sqliteutil.SQLiteImpl - load driver class
INFO main com.fanchen.sqliteutil.SQLiteImpl - get connection success
INFO main com.fanchen.sqliteutil.SQLiteImpl - SQL : insert into message values(?,?,?)
INFO main com.fanchen.sqliteutil.SQLiteImpl - execute insert sql
INFO main com.fanchen.sqliteutil.SQLiteImpl - close sqlite db connection
INFO main com.fanchen.xmlutil.XmlReader2DOM - fetch attribute clus's id
INFO main com.fanchen.xmlutil.XmlReader2DOM - clusId : 176
INFO main com.fanchen.xmlutil.XmlReader2DOM - fetch element feature
INFO main com.fanchen.xmlutil.XmlReader2DOM - feature : 北京西站 北站 火车 远去 
INFO main com.fanchen.xmlutil.XmlReader2DOM - fetch attribute docs's Num
INFO main com.fanchen.xmlutil.XmlReader2DOM - docsNum : 2
INFO main com.fanchen.xmlutil.XmlReader2DOM - insert into SQLite
INFO main com.fanchen.sqliteutil.SQLiteImpl - load driver class
INFO main com.fanchen.sqliteutil.SQLiteImpl - get connection success
INFO main com.fanchen.sqliteutil.SQLiteImpl - SQL : insert into message values(?,?,?)
INFO main com.fanchen.sqliteutil.SQLiteImpl - execute insert sql
INFO main com.fanchen.sqliteutil.SQLiteImpl - close sqlite db connection
INFO main com.fanchen.xmlutil.XmlReader2DOM - fetch attribute clus's id
INFO main com.fanchen.xmlutil.XmlReader2DOM - clusId : 177
INFO main com.fanchen.xmlutil.XmlReader2DOM - fetch element feature
INFO main com.fanchen.xmlutil.XmlReader2DOM - feature : 陕西老乡 老乡 热心 陕西 
INFO main com.fanchen.xmlutil.XmlReader2DOM - fetch attribute docs's Num
INFO main com.fanchen.xmlutil.XmlReader2DOM - docsNum : 2
INFO main com.fanchen.xmlutil.XmlReader2DOM - insert into SQLite
INFO main com.fanchen.sqliteutil.SQLiteImpl - load driver class
INFO main com.fanchen.sqliteutil.SQLiteImpl - get connection success
INFO main com.fanchen.sqliteutil.SQLiteImpl - SQL : insert into message values(?,?,?)
INFO main com.fanchen.sqliteutil.SQLiteImpl - execute insert sql
INFO main com.fanchen.sqliteutil.SQLiteImpl - close sqlite db connection
INFO main com.fanchen.xmlutil.XmlReader2DOM - fetch attribute clus's id
INFO main com.fanchen.xmlutil.XmlReader2DOM - clusId : 178
INFO main com.fanchen.xmlutil.XmlReader2DOM - fetch element feature
INFO main com.fanchen.xmlutil.XmlReader2DOM - feature : 陕西群 
INFO main com.fanchen.xmlutil.XmlReader2DOM - fetch attribute docs's Num
INFO main com.fanchen.xmlutil.XmlReader2DOM - docsNum : 2
INFO main com.fanchen.xmlutil.XmlReader2DOM - insert into SQLite
INFO main com.fanchen.sqliteutil.SQLiteImpl - load driver class
INFO main com.fanchen.sqliteutil.SQLiteImpl - get connection success
INFO main com.fanchen.sqliteutil.SQLiteImpl - SQL : insert into message values(?,?,?)
INFO main com.fanchen.sqliteutil.SQLiteImpl - execute insert sql
INFO main com.fanchen.sqliteutil.SQLiteImpl - close sqlite db connection
INFO main com.fanchen.xmlutil.XmlReader2DOM - fetch attribute clus's id
INFO main com.fanchen.xmlutil.XmlReader2DOM - clusId : 179
INFO main com.fanchen.xmlutil.XmlReader2DOM - fetch element feature
INFO main com.fanchen.xmlutil.XmlReader2DOM - feature :  
INFO main com.fanchen.xmlutil.XmlReader2DOM - fetch attribute docs's Num
INFO main com.fanchen.xmlutil.XmlReader2DOM - docsNum : 2
INFO main com.fanchen.xmlutil.XmlReader2DOM - insert into SQLite
INFO main com.fanchen.sqliteutil.SQLiteImpl - load driver class
INFO main com.fanchen.sqliteutil.SQLiteImpl - get connection success
INFO main com.fanchen.sqliteutil.SQLiteImpl - SQL : insert into message values(?,?,?)
INFO main com.fanchen.sqliteutil.SQLiteImpl - execute insert sql
INFO main com.fanchen.sqliteutil.SQLiteImpl - close sqlite db connection
INFO main com.fanchen.xmlutil.XmlReader2DOM - fetch attribute clus's id
INFO main com.fanchen.xmlutil.XmlReader2DOM - clusId : 180
INFO main com.fanchen.xmlutil.XmlReader2DOM - fetch element feature
INFO main com.fanchen.xmlutil.XmlReader2DOM - feature : 伤肾 小心 啧啧 板芙 
INFO main com.fanchen.xmlutil.XmlReader2DOM - fetch attribute docs's Num
INFO main com.fanchen.xmlutil.XmlReader2DOM - docsNum : 2
INFO main com.fanchen.xmlutil.XmlReader2DOM - insert into SQLite
INFO main com.fanchen.sqliteutil.SQLiteImpl - load driver class
INFO main com.fanchen.sqliteutil.SQLiteImpl - get connection success
INFO main com.fanchen.sqliteutil.SQLiteImpl - SQL : insert into message values(?,?,?)
INFO main com.fanchen.sqliteutil.SQLiteImpl - execute insert sql
INFO main com.fanchen.sqliteutil.SQLiteImpl - close sqlite db connection
INFO main com.fanchen.xmlutil.XmlReader2DOM - fetch attribute clus's id
INFO main com.fanchen.xmlutil.XmlReader2DOM - clusId : 181
INFO main com.fanchen.xmlutil.XmlReader2DOM - fetch element feature
INFO main com.fanchen.xmlutil.XmlReader2DOM - feature : 涉水险 涨价 
INFO main com.fanchen.xmlutil.XmlReader2DOM - fetch attribute docs's Num
INFO main com.fanchen.xmlutil.XmlReader2DOM - docsNum : 2
INFO main com.fanchen.xmlutil.XmlReader2DOM - insert into SQLite
INFO main com.fanchen.sqliteutil.SQLiteImpl - load driver class
INFO main com.fanchen.sqliteutil.SQLiteImpl - get connection success
INFO main com.fanchen.sqliteutil.SQLiteImpl - SQL : insert into message values(?,?,?)
INFO main com.fanchen.sqliteutil.SQLiteImpl - execute insert sql
INFO main com.fanchen.sqliteutil.SQLiteImpl - close sqlite db connection
INFO main com.fanchen.xmlutil.XmlReader2DOM - fetch attribute clus's id
INFO main com.fanchen.xmlutil.XmlReader2DOM - clusId : 182
INFO main com.fanchen.xmlutil.XmlReader2DOM - fetch element feature
INFO main com.fanchen.xmlutil.XmlReader2DOM - feature : 厉害厉害 
INFO main com.fanchen.xmlutil.XmlReader2DOM - fetch attribute docs's Num
INFO main com.fanchen.xmlutil.XmlReader2DOM - docsNum : 2
INFO main com.fanchen.xmlutil.XmlReader2DOM - insert into SQLite
INFO main com.fanchen.sqliteutil.SQLiteImpl - load driver class
INFO main com.fanchen.sqliteutil.SQLiteImpl - get connection success
INFO main com.fanchen.sqliteutil.SQLiteImpl - SQL : insert into message values(?,?,?)
INFO main com.fanchen.sqliteutil.SQLiteImpl - execute insert sql
INFO main com.fanchen.sqliteutil.SQLiteImpl - close sqlite db connection
INFO main com.fanchen.xmlutil.XmlReader2DOM - fetch attribute clus's id
INFO main com.fanchen.xmlutil.XmlReader2DOM - clusId : 183
INFO main com.fanchen.xmlutil.XmlReader2DOM - fetch element feature
INFO main com.fanchen.xmlutil.XmlReader2DOM - feature :  
INFO main com.fanchen.xmlutil.XmlReader2DOM - fetch attribute docs's Num
INFO main com.fanchen.xmlutil.XmlReader2DOM - docsNum : 2
INFO main com.fanchen.xmlutil.XmlReader2DOM - insert into SQLite
INFO main com.fanchen.sqliteutil.SQLiteImpl - load driver class
INFO main com.fanchen.sqliteutil.SQLiteImpl - get connection success
INFO main com.fanchen.sqliteutil.SQLiteImpl - SQL : insert into message values(?,?,?)
INFO main com.fanchen.sqliteutil.SQLiteImpl - execute insert sql
INFO main com.fanchen.sqliteutil.SQLiteImpl - close sqlite db connection
INFO main com.fanchen.xmlutil.XmlReader2DOM - fetch attribute clus's id
INFO main com.fanchen.xmlutil.XmlReader2DOM - clusId : 184
INFO main com.fanchen.xmlutil.XmlReader2DOM - fetch element feature
INFO main com.fanchen.xmlutil.XmlReader2DOM - feature : 奥义 单身 召唤 
INFO main com.fanchen.xmlutil.XmlReader2DOM - fetch attribute docs's Num
INFO main com.fanchen.xmlutil.XmlReader2DOM - docsNum : 2
INFO main com.fanchen.xmlutil.XmlReader2DOM - insert into SQLite
INFO main com.fanchen.sqliteutil.SQLiteImpl - load driver class
INFO main com.fanchen.sqliteutil.SQLiteImpl - get connection success
INFO main com.fanchen.sqliteutil.SQLiteImpl - SQL : insert into message values(?,?,?)
INFO main com.fanchen.sqliteutil.SQLiteImpl - execute insert sql
INFO main com.fanchen.sqliteutil.SQLiteImpl - close sqlite db connection
INFO main com.fanchen.xmlutil.XmlReader2DOM - fetch attribute clus's id
INFO main com.fanchen.xmlutil.XmlReader2DOM - clusId : 185
INFO main com.fanchen.xmlutil.XmlReader2DOM - fetch element feature
INFO main com.fanchen.xmlutil.XmlReader2DOM - feature : 师蛋蛋 网上 账号 
INFO main com.fanchen.xmlutil.XmlReader2DOM - fetch attribute docs's Num
INFO main com.fanchen.xmlutil.XmlReader2DOM - docsNum : 2
INFO main com.fanchen.xmlutil.XmlReader2DOM - insert into SQLite
INFO main com.fanchen.sqliteutil.SQLiteImpl - load driver class
INFO main com.fanchen.sqliteutil.SQLiteImpl - get connection success
INFO main com.fanchen.sqliteutil.SQLiteImpl - SQL : insert into message values(?,?,?)
INFO main com.fanchen.sqliteutil.SQLiteImpl - execute insert sql
INFO main com.fanchen.sqliteutil.SQLiteImpl - close sqlite db connection
INFO main com.fanchen.xmlutil.XmlReader2DOM - fetch attribute clus's id
INFO main com.fanchen.xmlutil.XmlReader2DOM - clusId : 186
INFO main com.fanchen.xmlutil.XmlReader2DOM - fetch element feature
INFO main com.fanchen.xmlutil.XmlReader2DOM - feature : 多发红包 多发 红包 
INFO main com.fanchen.xmlutil.XmlReader2DOM - fetch attribute docs's Num
INFO main com.fanchen.xmlutil.XmlReader2DOM - docsNum : 2
INFO main com.fanchen.xmlutil.XmlReader2DOM - insert into SQLite
INFO main com.fanchen.sqliteutil.SQLiteImpl - load driver class
INFO main com.fanchen.sqliteutil.SQLiteImpl - get connection success
INFO main com.fanchen.sqliteutil.SQLiteImpl - SQL : insert into message values(?,?,?)
INFO main com.fanchen.sqliteutil.SQLiteImpl - execute insert sql
INFO main com.fanchen.sqliteutil.SQLiteImpl - close sqlite db connection
INFO main com.fanchen.xmlutil.XmlReader2DOM - fetch attribute clus's id
INFO main com.fanchen.xmlutil.XmlReader2DOM - clusId : 187
INFO main com.fanchen.xmlutil.XmlReader2DOM - fetch element feature
INFO main com.fanchen.xmlutil.XmlReader2DOM - feature : 手机 董玩 锁董 
INFO main com.fanchen.xmlutil.XmlReader2DOM - fetch attribute docs's Num
INFO main com.fanchen.xmlutil.XmlReader2DOM - docsNum : 2
INFO main com.fanchen.xmlutil.XmlReader2DOM - insert into SQLite
INFO main com.fanchen.sqliteutil.SQLiteImpl - load driver class
INFO main com.fanchen.sqliteutil.SQLiteImpl - get connection success
INFO main com.fanchen.sqliteutil.SQLiteImpl - SQL : insert into message values(?,?,?)
INFO main com.fanchen.sqliteutil.SQLiteImpl - execute insert sql
INFO main com.fanchen.sqliteutil.SQLiteImpl - close sqlite db connection
INFO main com.fanchen.xmlutil.XmlReader2DOM - fetch attribute clus's id
INFO main com.fanchen.xmlutil.XmlReader2DOM - clusId : 188
INFO main com.fanchen.xmlutil.XmlReader2DOM - fetch element feature
INFO main com.fanchen.xmlutil.XmlReader2DOM - feature : 俩煎饼 正好 
INFO main com.fanchen.xmlutil.XmlReader2DOM - fetch attribute docs's Num
INFO main com.fanchen.xmlutil.XmlReader2DOM - docsNum : 2
INFO main com.fanchen.xmlutil.XmlReader2DOM - insert into SQLite
INFO main com.fanchen.sqliteutil.SQLiteImpl - load driver class
INFO main com.fanchen.sqliteutil.SQLiteImpl - get connection success
INFO main com.fanchen.sqliteutil.SQLiteImpl - SQL : insert into message values(?,?,?)
INFO main com.fanchen.sqliteutil.SQLiteImpl - execute insert sql
INFO main com.fanchen.sqliteutil.SQLiteImpl - close sqlite db connection
INFO main com.fanchen.xmlutil.XmlReader2DOM - fetch attribute clus's id
INFO main com.fanchen.xmlutil.XmlReader2DOM - clusId : 189
INFO main com.fanchen.xmlutil.XmlReader2DOM - fetch element feature
INFO main com.fanchen.xmlutil.XmlReader2DOM - feature : 水城里面 餐馆 好吃 开业 
INFO main com.fanchen.xmlutil.XmlReader2DOM - fetch attribute docs's Num
INFO main com.fanchen.xmlutil.XmlReader2DOM - docsNum : 2
INFO main com.fanchen.xmlutil.XmlReader2DOM - insert into SQLite
INFO main com.fanchen.sqliteutil.SQLiteImpl - load driver class
INFO main com.fanchen.sqliteutil.SQLiteImpl - get connection success
INFO main com.fanchen.sqliteutil.SQLiteImpl - SQL : insert into message values(?,?,?)
INFO main com.fanchen.sqliteutil.SQLiteImpl - execute insert sql
INFO main com.fanchen.sqliteutil.SQLiteImpl - close sqlite db connection
INFO main com.fanchen.xmlutil.XmlReader2DOM - fetch attribute clus's id
INFO main com.fanchen.xmlutil.XmlReader2DOM - clusId : 190
INFO main com.fanchen.xmlutil.XmlReader2DOM - fetch element feature
INFO main com.fanchen.xmlutil.XmlReader2DOM - feature : 挺正宗 看起来 面皮 婆婆 
INFO main com.fanchen.xmlutil.XmlReader2DOM - fetch attribute docs's Num
INFO main com.fanchen.xmlutil.XmlReader2DOM - docsNum : 2
INFO main com.fanchen.xmlutil.XmlReader2DOM - insert into SQLite
INFO main com.fanchen.sqliteutil.SQLiteImpl - load driver class
INFO main com.fanchen.sqliteutil.SQLiteImpl - get connection success
INFO main com.fanchen.sqliteutil.SQLiteImpl - SQL : insert into message values(?,?,?)
INFO main com.fanchen.sqliteutil.SQLiteImpl - execute insert sql
INFO main com.fanchen.sqliteutil.SQLiteImpl - close sqlite db connection
INFO main com.fanchen.xmlutil.XmlReader2DOM - fetch attribute clus's id
INFO main com.fanchen.xmlutil.XmlReader2DOM - clusId : 191
INFO main com.fanchen.xmlutil.XmlReader2DOM - fetch element feature
INFO main com.fanchen.xmlutil.XmlReader2DOM - feature : 怂娃 班主任 
INFO main com.fanchen.xmlutil.XmlReader2DOM - fetch attribute docs's Num
INFO main com.fanchen.xmlutil.XmlReader2DOM - docsNum : 2
INFO main com.fanchen.xmlutil.XmlReader2DOM - insert into SQLite
INFO main com.fanchen.sqliteutil.SQLiteImpl - load driver class
INFO main com.fanchen.sqliteutil.SQLiteImpl - get connection success
INFO main com.fanchen.sqliteutil.SQLiteImpl - SQL : insert into message values(?,?,?)
INFO main com.fanchen.sqliteutil.SQLiteImpl - execute insert sql
INFO main com.fanchen.sqliteutil.SQLiteImpl - close sqlite db connection
INFO main com.fanchen.xmlutil.XmlReader2DOM - fetch attribute clus's id
INFO main com.fanchen.xmlutil.XmlReader2DOM - clusId : 192
INFO main com.fanchen.xmlutil.XmlReader2DOM - fetch element feature
INFO main com.fanchen.xmlutil.XmlReader2DOM - feature : 搜嘎 
INFO main com.fanchen.xmlutil.XmlReader2DOM - fetch attribute docs's Num
INFO main com.fanchen.xmlutil.XmlReader2DOM - docsNum : 2
INFO main com.fanchen.xmlutil.XmlReader2DOM - insert into SQLite
INFO main com.fanchen.sqliteutil.SQLiteImpl - load driver class
INFO main com.fanchen.sqliteutil.SQLiteImpl - get connection success
INFO main com.fanchen.sqliteutil.SQLiteImpl - SQL : insert into message values(?,?,?)
INFO main com.fanchen.sqliteutil.SQLiteImpl - execute insert sql
INFO main com.fanchen.sqliteutil.SQLiteImpl - close sqlite db connection
INFO main com.fanchen.xmlutil.XmlReader2DOM - fetch attribute clus's id
INFO main com.fanchen.xmlutil.XmlReader2DOM - clusId : 193
INFO main com.fanchen.xmlutil.XmlReader2DOM - fetch element feature
INFO main com.fanchen.xmlutil.XmlReader2DOM - feature : 撩妹 代码 感兴趣 套路 颜值 
INFO main com.fanchen.xmlutil.XmlReader2DOM - fetch attribute docs's Num
INFO main com.fanchen.xmlutil.XmlReader2DOM - docsNum : 2
INFO main com.fanchen.xmlutil.XmlReader2DOM - insert into SQLite
INFO main com.fanchen.sqliteutil.SQLiteImpl - load driver class
INFO main com.fanchen.sqliteutil.SQLiteImpl - get connection success
INFO main com.fanchen.sqliteutil.SQLiteImpl - SQL : insert into message values(?,?,?)
INFO main com.fanchen.sqliteutil.SQLiteImpl - execute insert sql
INFO main com.fanchen.sqliteutil.SQLiteImpl - close sqlite db connection
INFO main com.fanchen.xmlutil.XmlReader2DOM - fetch attribute clus's id
INFO main com.fanchen.xmlutil.XmlReader2DOM - clusId : 194
INFO main com.fanchen.xmlutil.XmlReader2DOM - fetch element feature
INFO main com.fanchen.xmlutil.XmlReader2DOM - feature : 邓学长 
INFO main com.fanchen.xmlutil.XmlReader2DOM - fetch attribute docs's Num
INFO main com.fanchen.xmlutil.XmlReader2DOM - docsNum : 2
INFO main com.fanchen.xmlutil.XmlReader2DOM - insert into SQLite
INFO main com.fanchen.sqliteutil.SQLiteImpl - load driver class
INFO main com.fanchen.sqliteutil.SQLiteImpl - get connection success
INFO main com.fanchen.sqliteutil.SQLiteImpl - SQL : insert into message values(?,?,?)
INFO main com.fanchen.sqliteutil.SQLiteImpl - execute insert sql
INFO main com.fanchen.sqliteutil.SQLiteImpl - close sqlite db connection
INFO main com.fanchen.xmlutil.XmlReader2DOM - fetch attribute clus's id
INFO main com.fanchen.xmlutil.XmlReader2DOM - clusId : 195
INFO main com.fanchen.xmlutil.XmlReader2DOM - fetch element feature
INFO main com.fanchen.xmlutil.XmlReader2DOM - feature : 大作业 
INFO main com.fanchen.xmlutil.XmlReader2DOM - fetch attribute docs's Num
INFO main com.fanchen.xmlutil.XmlReader2DOM - docsNum : 2
INFO main com.fanchen.xmlutil.XmlReader2DOM - insert into SQLite
INFO main com.fanchen.sqliteutil.SQLiteImpl - load driver class
INFO main com.fanchen.sqliteutil.SQLiteImpl - get connection success
INFO main com.fanchen.sqliteutil.SQLiteImpl - SQL : insert into message values(?,?,?)
INFO main com.fanchen.sqliteutil.SQLiteImpl - execute insert sql
INFO main com.fanchen.sqliteutil.SQLiteImpl - close sqlite db connection
INFO main com.fanchen.xmlutil.XmlReader2DOM - fetch attribute clus's id
INFO main com.fanchen.xmlutil.XmlReader2DOM - clusId : 196
INFO main com.fanchen.xmlutil.XmlReader2DOM - fetch element feature
INFO main com.fanchen.xmlutil.XmlReader2DOM - feature : 琳姐 进去 姐不用 琳鈥 
INFO main com.fanchen.xmlutil.XmlReader2DOM - fetch attribute docs's Num
INFO main com.fanchen.xmlutil.XmlReader2DOM - docsNum : 2
INFO main com.fanchen.xmlutil.XmlReader2DOM - insert into SQLite
INFO main com.fanchen.sqliteutil.SQLiteImpl - load driver class
INFO main com.fanchen.sqliteutil.SQLiteImpl - get connection success
INFO main com.fanchen.sqliteutil.SQLiteImpl - SQL : insert into message values(?,?,?)
INFO main com.fanchen.sqliteutil.SQLiteImpl - execute insert sql
INFO main com.fanchen.sqliteutil.SQLiteImpl - close sqlite db connection
INFO main com.fanchen.xmlutil.XmlReader2DOM - fetch attribute clus's id
INFO main com.fanchen.xmlutil.XmlReader2DOM - clusId : 197
INFO main com.fanchen.xmlutil.XmlReader2DOM - fetch element feature
INFO main com.fanchen.xmlutil.XmlReader2DOM - feature : 妥妥 打电话 考生 厉害 陕西 问问 马蓁 妥滴 妥浙 
INFO main com.fanchen.xmlutil.XmlReader2DOM - fetch attribute docs's Num
INFO main com.fanchen.xmlutil.XmlReader2DOM - docsNum : 2
INFO main com.fanchen.xmlutil.XmlReader2DOM - insert into SQLite
INFO main com.fanchen.sqliteutil.SQLiteImpl - load driver class
INFO main com.fanchen.sqliteutil.SQLiteImpl - get connection success
INFO main com.fanchen.sqliteutil.SQLiteImpl - SQL : insert into message values(?,?,?)
INFO main com.fanchen.sqliteutil.SQLiteImpl - execute insert sql
INFO main com.fanchen.sqliteutil.SQLiteImpl - close sqlite db connection
INFO main com.fanchen.xmlutil.XmlReader2DOM - fetch attribute clus's id
INFO main com.fanchen.xmlutil.XmlReader2DOM - clusId : 198
INFO main com.fanchen.xmlutil.XmlReader2DOM - fetch element feature
INFO main com.fanchen.xmlutil.XmlReader2DOM - feature : 玲玲 玲依依 都会 姐姐 吐槽 依依玲 
INFO main com.fanchen.xmlutil.XmlReader2DOM - fetch attribute docs's Num
INFO main com.fanchen.xmlutil.XmlReader2DOM - docsNum : 2
INFO main com.fanchen.xmlutil.XmlReader2DOM - insert into SQLite
INFO main com.fanchen.sqliteutil.SQLiteImpl - load driver class
INFO main com.fanchen.sqliteutil.SQLiteImpl - get connection success
INFO main com.fanchen.sqliteutil.SQLiteImpl - SQL : insert into message values(?,?,?)
INFO main com.fanchen.sqliteutil.SQLiteImpl - execute insert sql
INFO main com.fanchen.sqliteutil.SQLiteImpl - close sqlite db connection
INFO main com.fanchen.xmlutil.XmlReader2DOM - fetch attribute clus's id
INFO main com.fanchen.xmlutil.XmlReader2DOM - clusId : 199
INFO main com.fanchen.xmlutil.XmlReader2DOM - fetch element feature
INFO main com.fanchen.xmlutil.XmlReader2DOM - feature : 零散务工人员 春运 互联网 火车站 年月 日日 日月 身份证 始发站 
INFO main com.fanchen.xmlutil.XmlReader2DOM - fetch attribute docs's Num
INFO main com.fanchen.xmlutil.XmlReader2DOM - docsNum : 2
INFO main com.fanchen.xmlutil.XmlReader2DOM - insert into SQLite
INFO main com.fanchen.sqliteutil.SQLiteImpl - load driver class
INFO main com.fanchen.sqliteutil.SQLiteImpl - get connection success
INFO main com.fanchen.sqliteutil.SQLiteImpl - SQL : insert into message values(?,?,?)
INFO main com.fanchen.sqliteutil.SQLiteImpl - execute insert sql
INFO main com.fanchen.sqliteutil.SQLiteImpl - close sqlite db connection
INFO main com.fanchen.xmlutil.XmlReader2DOM - fetch attribute clus's id
INFO main com.fanchen.xmlutil.XmlReader2DOM - clusId : 200
INFO main com.fanchen.xmlutil.XmlReader2DOM - fetch element feature
INFO main com.fanchen.xmlutil.XmlReader2DOM - feature : 渭南老乡 老乡 渭南 召唤 
INFO main com.fanchen.xmlutil.XmlReader2DOM - fetch attribute docs's Num
INFO main com.fanchen.xmlutil.XmlReader2DOM - docsNum : 2
INFO main com.fanchen.xmlutil.XmlReader2DOM - insert into SQLite
INFO main com.fanchen.sqliteutil.SQLiteImpl - load driver class
INFO main com.fanchen.sqliteutil.SQLiteImpl - get connection success
INFO main com.fanchen.sqliteutil.SQLiteImpl - SQL : insert into message values(?,?,?)
INFO main com.fanchen.sqliteutil.SQLiteImpl - execute insert sql
INFO main com.fanchen.sqliteutil.SQLiteImpl - close sqlite db connection
INFO main com.fanchen.xmlutil.XmlReader2DOM - fetch attribute clus's id
INFO main com.fanchen.xmlutil.XmlReader2DOM - clusId : 201
INFO main com.fanchen.xmlutil.XmlReader2DOM - fetch element feature
INFO main com.fanchen.xmlutil.XmlReader2DOM - feature : 何毅 何夕 弘毅 硕士研究生 夕何 夕弘 研究生何 毅笃 京师 
INFO main com.fanchen.xmlutil.XmlReader2DOM - fetch attribute docs's Num
INFO main com.fanchen.xmlutil.XmlReader2DOM - docsNum : 2
INFO main com.fanchen.xmlutil.XmlReader2DOM - insert into SQLite
INFO main com.fanchen.sqliteutil.SQLiteImpl - load driver class
INFO main com.fanchen.sqliteutil.SQLiteImpl - get connection success
INFO main com.fanchen.sqliteutil.SQLiteImpl - SQL : insert into message values(?,?,?)
INFO main com.fanchen.sqliteutil.SQLiteImpl - execute insert sql
INFO main com.fanchen.sqliteutil.SQLiteImpl - close sqlite db connection
INFO main com.fanchen.xmlutil.XmlReader2DOM - fetch attribute clus's id
INFO main com.fanchen.xmlutil.XmlReader2DOM - clusId : 202
INFO main com.fanchen.xmlutil.XmlReader2DOM - fetch element feature
INFO main com.fanchen.xmlutil.XmlReader2DOM - feature : 刘睿 问卷 邮刘 洲鈥 睿博 睿洲 
INFO main com.fanchen.xmlutil.XmlReader2DOM - fetch attribute docs's Num
INFO main com.fanchen.xmlutil.XmlReader2DOM - docsNum : 2
INFO main com.fanchen.xmlutil.XmlReader2DOM - insert into SQLite
INFO main com.fanchen.sqliteutil.SQLiteImpl - load driver class
INFO main com.fanchen.sqliteutil.SQLiteImpl - get connection success
INFO main com.fanchen.sqliteutil.SQLiteImpl - SQL : insert into message values(?,?,?)
INFO main com.fanchen.sqliteutil.SQLiteImpl - execute insert sql
INFO main com.fanchen.sqliteutil.SQLiteImpl - close sqlite db connection
INFO main com.fanchen.xmlutil.XmlReader2DOM - fetch attribute clus's id
INFO main com.fanchen.xmlutil.XmlReader2DOM - clusId : 203
INFO main com.fanchen.xmlutil.XmlReader2DOM - fetch element feature
INFO main com.fanchen.xmlutil.XmlReader2DOM - feature : 大明宫 城墙 地势 跑步 上人 遗址 
INFO main com.fanchen.xmlutil.XmlReader2DOM - fetch attribute docs's Num
INFO main com.fanchen.xmlutil.XmlReader2DOM - docsNum : 2
INFO main com.fanchen.xmlutil.XmlReader2DOM - insert into SQLite
INFO main com.fanchen.sqliteutil.SQLiteImpl - load driver class
INFO main com.fanchen.sqliteutil.SQLiteImpl - get connection success
INFO main com.fanchen.sqliteutil.SQLiteImpl - SQL : insert into message values(?,?,?)
INFO main com.fanchen.sqliteutil.SQLiteImpl - execute insert sql
INFO main com.fanchen.sqliteutil.SQLiteImpl - close sqlite db connection
INFO main com.fanchen.xmlutil.XmlReader2DOM - fetch attribute clus's id
INFO main com.fanchen.xmlutil.XmlReader2DOM - clusId : 204
INFO main com.fanchen.xmlutil.XmlReader2DOM - fetch element feature
INFO main com.fanchen.xmlutil.XmlReader2DOM - feature : 西安饭庄 北京 便宜 那天 饭庄一 坑爹 肉夹 
INFO main com.fanchen.xmlutil.XmlReader2DOM - fetch attribute docs's Num
INFO main com.fanchen.xmlutil.XmlReader2DOM - docsNum : 2
INFO main com.fanchen.xmlutil.XmlReader2DOM - insert into SQLite
INFO main com.fanchen.sqliteutil.SQLiteImpl - load driver class
INFO main com.fanchen.sqliteutil.SQLiteImpl - get connection success
INFO main com.fanchen.sqliteutil.SQLiteImpl - SQL : insert into message values(?,?,?)
INFO main com.fanchen.sqliteutil.SQLiteImpl - execute insert sql
INFO main com.fanchen.sqliteutil.SQLiteImpl - close sqlite db connection
INFO main com.fanchen.xmlutil.XmlReader2DOM - fetch attribute clus's id
INFO main com.fanchen.xmlutil.XmlReader2DOM - clusId : 205
INFO main com.fanchen.xmlutil.XmlReader2DOM - fetch element feature
INFO main com.fanchen.xmlutil.XmlReader2DOM - feature : 西安房价 
INFO main com.fanchen.xmlutil.XmlReader2DOM - fetch attribute docs's Num
INFO main com.fanchen.xmlutil.XmlReader2DOM - docsNum : 2
INFO main com.fanchen.xmlutil.XmlReader2DOM - insert into SQLite
INFO main com.fanchen.sqliteutil.SQLiteImpl - load driver class
INFO main com.fanchen.sqliteutil.SQLiteImpl - get connection success
INFO main com.fanchen.sqliteutil.SQLiteImpl - SQL : insert into message values(?,?,?)
INFO main com.fanchen.sqliteutil.SQLiteImpl - execute insert sql
INFO main com.fanchen.sqliteutil.SQLiteImpl - close sqlite db connection
INFO main com.fanchen.xmlutil.XmlReader2DOM - fetch attribute clus's id
INFO main com.fanchen.xmlutil.XmlReader2DOM - clusId : 206
INFO main com.fanchen.xmlutil.XmlReader2DOM - fetch element feature
INFO main com.fanchen.xmlutil.XmlReader2DOM - feature : 西安华为 
INFO main com.fanchen.xmlutil.XmlReader2DOM - fetch attribute docs's Num
INFO main com.fanchen.xmlutil.XmlReader2DOM - docsNum : 2
INFO main com.fanchen.xmlutil.XmlReader2DOM - insert into SQLite
INFO main com.fanchen.sqliteutil.SQLiteImpl - load driver class
INFO main com.fanchen.sqliteutil.SQLiteImpl - get connection success
INFO main com.fanchen.sqliteutil.SQLiteImpl - SQL : insert into message values(?,?,?)
INFO main com.fanchen.sqliteutil.SQLiteImpl - execute insert sql
INFO main com.fanchen.sqliteutil.SQLiteImpl - close sqlite db connection
INFO main com.fanchen.xmlutil.XmlReader2DOM - fetch attribute clus's id
INFO main com.fanchen.xmlutil.XmlReader2DOM - clusId : 207
INFO main com.fanchen.xmlutil.XmlReader2DOM - fetch element feature
INFO main com.fanchen.xmlutil.XmlReader2DOM - feature : 西安研究所 单位名 华为 浪费 
INFO main com.fanchen.xmlutil.XmlReader2DOM - fetch attribute docs's Num
INFO main com.fanchen.xmlutil.XmlReader2DOM - docsNum : 2
INFO main com.fanchen.xmlutil.XmlReader2DOM - insert into SQLite
INFO main com.fanchen.sqliteutil.SQLiteImpl - load driver class
INFO main com.fanchen.sqliteutil.SQLiteImpl - get connection success
INFO main com.fanchen.sqliteutil.SQLiteImpl - SQL : insert into message values(?,?,?)
INFO main com.fanchen.sqliteutil.SQLiteImpl - execute insert sql
INFO main com.fanchen.sqliteutil.SQLiteImpl - close sqlite db connection
INFO main com.fanchen.xmlutil.XmlReader2DOM - fetch attribute clus's id
INFO main com.fanchen.xmlutil.XmlReader2DOM - clusId : 208
INFO main com.fanchen.xmlutil.XmlReader2DOM - fetch element feature
INFO main com.fanchen.xmlutil.XmlReader2DOM - feature : 西安医学院 医学院 交大 西安 医大 医二 
INFO main com.fanchen.xmlutil.XmlReader2DOM - fetch attribute docs's Num
INFO main com.fanchen.xmlutil.XmlReader2DOM - docsNum : 2
INFO main com.fanchen.xmlutil.XmlReader2DOM - insert into SQLite
INFO main com.fanchen.sqliteutil.SQLiteImpl - load driver class
INFO main com.fanchen.sqliteutil.SQLiteImpl - get connection success
INFO main com.fanchen.sqliteutil.SQLiteImpl - SQL : insert into message values(?,?,?)
INFO main com.fanchen.sqliteutil.SQLiteImpl - execute insert sql
INFO main com.fanchen.sqliteutil.SQLiteImpl - close sqlite db connection
INFO main com.fanchen.xmlutil.XmlReader2DOM - fetch attribute clus's id
INFO main com.fanchen.xmlutil.XmlReader2DOM - clusId : 209
INFO main com.fanchen.xmlutil.XmlReader2DOM - fetch element feature
INFO main com.fanchen.xmlutil.XmlReader2DOM - feature : 西安以北 陕西省 
INFO main com.fanchen.xmlutil.XmlReader2DOM - fetch attribute docs's Num
INFO main com.fanchen.xmlutil.XmlReader2DOM - docsNum : 2
INFO main com.fanchen.xmlutil.XmlReader2DOM - insert into SQLite
INFO main com.fanchen.sqliteutil.SQLiteImpl - load driver class
INFO main com.fanchen.sqliteutil.SQLiteImpl - get connection success
INFO main com.fanchen.sqliteutil.SQLiteImpl - SQL : insert into message values(?,?,?)
INFO main com.fanchen.sqliteutil.SQLiteImpl - execute insert sql
INFO main com.fanchen.sqliteutil.SQLiteImpl - close sqlite db connection
INFO main com.fanchen.xmlutil.XmlReader2DOM - fetch attribute clus's id
INFO main com.fanchen.xmlutil.XmlReader2DOM - clusId : 210
INFO main com.fanchen.xmlutil.XmlReader2DOM - fetch element feature
INFO main com.fanchen.xmlutil.XmlReader2DOM - feature : 西北农林 
INFO main com.fanchen.xmlutil.XmlReader2DOM - fetch attribute docs's Num
INFO main com.fanchen.xmlutil.XmlReader2DOM - docsNum : 2
INFO main com.fanchen.xmlutil.XmlReader2DOM - insert into SQLite
INFO main com.fanchen.sqliteutil.SQLiteImpl - load driver class
INFO main com.fanchen.sqliteutil.SQLiteImpl - get connection success
INFO main com.fanchen.sqliteutil.SQLiteImpl - SQL : insert into message values(?,?,?)
INFO main com.fanchen.sqliteutil.SQLiteImpl - execute insert sql
INFO main com.fanchen.sqliteutil.SQLiteImpl - close sqlite db connection
INFO main com.fanchen.xmlutil.XmlReader2DOM - fetch attribute clus's id
INFO main com.fanchen.xmlutil.XmlReader2DOM - clusId : 211
INFO main com.fanchen.xmlutil.XmlReader2DOM - fetch element feature
INFO main com.fanchen.xmlutil.XmlReader2DOM - feature : 西南角 泡姜鸡 汉中 陈三 娃泡 
INFO main com.fanchen.xmlutil.XmlReader2DOM - fetch attribute docs's Num
INFO main com.fanchen.xmlutil.XmlReader2DOM - docsNum : 2
INFO main com.fanchen.xmlutil.XmlReader2DOM - insert into SQLite
INFO main com.fanchen.sqliteutil.SQLiteImpl - load driver class
INFO main com.fanchen.sqliteutil.SQLiteImpl - get connection success
INFO main com.fanchen.sqliteutil.SQLiteImpl - SQL : insert into message values(?,?,?)
INFO main com.fanchen.sqliteutil.SQLiteImpl - execute insert sql
INFO main com.fanchen.sqliteutil.SQLiteImpl - close sqlite db connection
INFO main com.fanchen.xmlutil.XmlReader2DOM - fetch attribute clus's id
INFO main com.fanchen.xmlutil.XmlReader2DOM - clusId : 212
INFO main com.fanchen.xmlutil.XmlReader2DOM - fetch element feature
INFO main com.fanchen.xmlutil.XmlReader2DOM - feature : 大河坎 篮球场 漂亮 
INFO main com.fanchen.xmlutil.XmlReader2DOM - fetch attribute docs's Num
INFO main com.fanchen.xmlutil.XmlReader2DOM - docsNum : 2
INFO main com.fanchen.xmlutil.XmlReader2DOM - insert into SQLite
INFO main com.fanchen.sqliteutil.SQLiteImpl - load driver class
INFO main com.fanchen.sqliteutil.SQLiteImpl - get connection success
INFO main com.fanchen.sqliteutil.SQLiteImpl - SQL : insert into message values(?,?,?)
INFO main com.fanchen.sqliteutil.SQLiteImpl - execute insert sql
INFO main com.fanchen.sqliteutil.SQLiteImpl - close sqlite db connection
INFO main com.fanchen.xmlutil.XmlReader2DOM - fetch attribute clus's id
INFO main com.fanchen.xmlutil.XmlReader2DOM - clusId : 213
INFO main com.fanchen.xmlutil.XmlReader2DOM - fetch element feature
INFO main com.fanchen.xmlutil.XmlReader2DOM - feature : 夏洛特烦恼 免费 那天 女生 少女 
INFO main com.fanchen.xmlutil.XmlReader2DOM - fetch attribute docs's Num
INFO main com.fanchen.xmlutil.XmlReader2DOM - docsNum : 2
INFO main com.fanchen.xmlutil.XmlReader2DOM - insert into SQLite
INFO main com.fanchen.sqliteutil.SQLiteImpl - load driver class
INFO main com.fanchen.sqliteutil.SQLiteImpl - get connection success
INFO main com.fanchen.sqliteutil.SQLiteImpl - SQL : insert into message values(?,?,?)
INFO main com.fanchen.sqliteutil.SQLiteImpl - execute insert sql
INFO main com.fanchen.sqliteutil.SQLiteImpl - close sqlite db connection
INFO main com.fanchen.xmlutil.XmlReader2DOM - fetch attribute clus's id
INFO main com.fanchen.xmlutil.XmlReader2DOM - clusId : 214
INFO main com.fanchen.xmlutil.XmlReader2DOM - fetch element feature
INFO main com.fanchen.xmlutil.XmlReader2DOM - feature : 龙哥 谨慎 
INFO main com.fanchen.xmlutil.XmlReader2DOM - fetch attribute docs's Num
INFO main com.fanchen.xmlutil.XmlReader2DOM - docsNum : 2
INFO main com.fanchen.xmlutil.XmlReader2DOM - insert into SQLite
INFO main com.fanchen.sqliteutil.SQLiteImpl - load driver class
INFO main com.fanchen.sqliteutil.SQLiteImpl - get connection success
INFO main com.fanchen.sqliteutil.SQLiteImpl - SQL : insert into message values(?,?,?)
INFO main com.fanchen.sqliteutil.SQLiteImpl - execute insert sql
INFO main com.fanchen.sqliteutil.SQLiteImpl - close sqlite db connection
INFO main com.fanchen.xmlutil.XmlReader2DOM - fetch attribute clus's id
INFO main com.fanchen.xmlutil.XmlReader2DOM - clusId : 215
INFO main com.fanchen.xmlutil.XmlReader2DOM - fetch element feature
INFO main com.fanchen.xmlutil.XmlReader2DOM - feature : 谢谢咯 加油 字样 
INFO main com.fanchen.xmlutil.XmlReader2DOM - fetch attribute docs's Num
INFO main com.fanchen.xmlutil.XmlReader2DOM - docsNum : 2
INFO main com.fanchen.xmlutil.XmlReader2DOM - insert into SQLite
INFO main com.fanchen.sqliteutil.SQLiteImpl - load driver class
INFO main com.fanchen.sqliteutil.SQLiteImpl - get connection success
INFO main com.fanchen.sqliteutil.SQLiteImpl - SQL : insert into message values(?,?,?)
INFO main com.fanchen.sqliteutil.SQLiteImpl - execute insert sql
INFO main com.fanchen.sqliteutil.SQLiteImpl - close sqlite db connection
INFO main com.fanchen.xmlutil.XmlReader2DOM - fetch attribute clus's id
INFO main com.fanchen.xmlutil.XmlReader2DOM - clusId : 216
INFO main com.fanchen.xmlutil.XmlReader2DOM - fetch element feature
INFO main com.fanchen.xmlutil.XmlReader2DOM - feature : 乘车区间 里边 
INFO main com.fanchen.xmlutil.XmlReader2DOM - fetch attribute docs's Num
INFO main com.fanchen.xmlutil.XmlReader2DOM - docsNum : 2
INFO main com.fanchen.xmlutil.XmlReader2DOM - insert into SQLite
INFO main com.fanchen.sqliteutil.SQLiteImpl - load driver class
INFO main com.fanchen.sqliteutil.SQLiteImpl - get connection success
INFO main com.fanchen.sqliteutil.SQLiteImpl - SQL : insert into message values(?,?,?)
INFO main com.fanchen.sqliteutil.SQLiteImpl - execute insert sql
INFO main com.fanchen.sqliteutil.SQLiteImpl - close sqlite db connection
INFO main com.fanchen.xmlutil.XmlReader2DOM - fetch attribute clus's id
INFO main com.fanchen.xmlutil.XmlReader2DOM - clusId : 217
INFO main com.fanchen.xmlutil.XmlReader2DOM - fetch element feature
INFO main com.fanchen.xmlutil.XmlReader2DOM - feature : 炒鸡 
INFO main com.fanchen.xmlutil.XmlReader2DOM - fetch attribute docs's Num
INFO main com.fanchen.xmlutil.XmlReader2DOM - docsNum : 2
INFO main com.fanchen.xmlutil.XmlReader2DOM - insert into SQLite
INFO main com.fanchen.sqliteutil.SQLiteImpl - load driver class
INFO main com.fanchen.sqliteutil.SQLiteImpl - get connection success
INFO main com.fanchen.sqliteutil.SQLiteImpl - SQL : insert into message values(?,?,?)
INFO main com.fanchen.sqliteutil.SQLiteImpl - execute insert sql
INFO main com.fanchen.sqliteutil.SQLiteImpl - close sqlite db connection
INFO main com.fanchen.xmlutil.XmlReader2DOM - fetch attribute clus's id
INFO main com.fanchen.xmlutil.XmlReader2DOM - clusId : 218
INFO main com.fanchen.xmlutil.XmlReader2DOM - fetch element feature
INFO main com.fanchen.xmlutil.XmlReader2DOM - feature : 超出区间 北站 补票 没事 上车 
INFO main com.fanchen.xmlutil.XmlReader2DOM - fetch attribute docs's Num
INFO main com.fanchen.xmlutil.XmlReader2DOM - docsNum : 2
INFO main com.fanchen.xmlutil.XmlReader2DOM - insert into SQLite
INFO main com.fanchen.sqliteutil.SQLiteImpl - load driver class
INFO main com.fanchen.sqliteutil.SQLiteImpl - get connection success
INFO main com.fanchen.sqliteutil.SQLiteImpl - SQL : insert into message values(?,?,?)
INFO main com.fanchen.sqliteutil.SQLiteImpl - execute insert sql
INFO main com.fanchen.sqliteutil.SQLiteImpl - close sqlite db connection
INFO main com.fanchen.xmlutil.XmlReader2DOM - fetch attribute clus's id
INFO main com.fanchen.xmlutil.XmlReader2DOM - clusId : 219
INFO main com.fanchen.xmlutil.XmlReader2DOM - fetch element feature
INFO main com.fanchen.xmlutil.XmlReader2DOM - feature : 学校里面 食堂 营业厅 
INFO main com.fanchen.xmlutil.XmlReader2DOM - fetch attribute docs's Num
INFO main com.fanchen.xmlutil.XmlReader2DOM - docsNum : 2
INFO main com.fanchen.xmlutil.XmlReader2DOM - insert into SQLite
INFO main com.fanchen.sqliteutil.SQLiteImpl - load driver class
INFO main com.fanchen.sqliteutil.SQLiteImpl - get connection success
INFO main com.fanchen.sqliteutil.SQLiteImpl - SQL : insert into message values(?,?,?)
INFO main com.fanchen.sqliteutil.SQLiteImpl - execute insert sql
INFO main com.fanchen.sqliteutil.SQLiteImpl - close sqlite db connection
INFO main com.fanchen.xmlutil.XmlReader2DOM - fetch attribute clus's id
INFO main com.fanchen.xmlutil.XmlReader2DOM - clusId : 220
INFO main com.fanchen.xmlutil.XmlReader2DOM - fetch element feature
INFO main com.fanchen.xmlutil.XmlReader2DOM - feature : 超棒 帮忙 采光 积水潭 妹子 南向 学校 转租 装修 
INFO main com.fanchen.xmlutil.XmlReader2DOM - fetch attribute docs's Num
INFO main com.fanchen.xmlutil.XmlReader2DOM - docsNum : 2
INFO main com.fanchen.xmlutil.XmlReader2DOM - insert into SQLite
INFO main com.fanchen.sqliteutil.SQLiteImpl - load driver class
INFO main com.fanchen.sqliteutil.SQLiteImpl - get connection success
INFO main com.fanchen.sqliteutil.SQLiteImpl - SQL : insert into message values(?,?,?)
INFO main com.fanchen.sqliteutil.SQLiteImpl - execute insert sql
INFO main com.fanchen.sqliteutil.SQLiteImpl - close sqlite db connection
INFO main com.fanchen.xmlutil.XmlReader2DOM - fetch attribute clus's id
INFO main com.fanchen.xmlutil.XmlReader2DOM - clusId : 221
INFO main com.fanchen.xmlutil.XmlReader2DOM - fetch element feature
INFO main com.fanchen.xmlutil.XmlReader2DOM - feature : 雁塔 晨钟 
INFO main com.fanchen.xmlutil.XmlReader2DOM - fetch attribute docs's Num
INFO main com.fanchen.xmlutil.XmlReader2DOM - docsNum : 2
INFO main com.fanchen.xmlutil.XmlReader2DOM - insert into SQLite
INFO main com.fanchen.sqliteutil.SQLiteImpl - load driver class
INFO main com.fanchen.sqliteutil.SQLiteImpl - get connection success
INFO main com.fanchen.sqliteutil.SQLiteImpl - SQL : insert into message values(?,?,?)
INFO main com.fanchen.sqliteutil.SQLiteImpl - execute insert sql
INFO main com.fanchen.sqliteutil.SQLiteImpl - close sqlite db connection
INFO main com.fanchen.xmlutil.XmlReader2DOM - fetch attribute clus's id
INFO main com.fanchen.xmlutil.XmlReader2DOM - clusId : 222
INFO main com.fanchen.xmlutil.XmlReader2DOM - fetch element feature
INFO main com.fanchen.xmlutil.XmlReader2DOM - feature : 聽聽 辅助 可怕 临床 如下 实验 搜集 投标 饮水 
INFO main com.fanchen.xmlutil.XmlReader2DOM - fetch attribute docs's Num
INFO main com.fanchen.xmlutil.XmlReader2DOM - docsNum : 2
INFO main com.fanchen.xmlutil.XmlReader2DOM - insert into SQLite
INFO main com.fanchen.sqliteutil.SQLiteImpl - load driver class
INFO main com.fanchen.sqliteutil.SQLiteImpl - get connection success
INFO main com.fanchen.sqliteutil.SQLiteImpl - SQL : insert into message values(?,?,?)
INFO main com.fanchen.sqliteutil.SQLiteImpl - execute insert sql
INFO main com.fanchen.sqliteutil.SQLiteImpl - close sqlite db connection
INFO main com.fanchen.xmlutil.XmlReader2DOM - fetch attribute clus's id
INFO main com.fanchen.xmlutil.XmlReader2DOM - clusId : 223
INFO main com.fanchen.xmlutil.XmlReader2DOM - fetch element feature
INFO main com.fanchen.xmlutil.XmlReader2DOM - feature : 纯英文 人文 
INFO main com.fanchen.xmlutil.XmlReader2DOM - fetch attribute docs's Num
INFO main com.fanchen.xmlutil.XmlReader2DOM - docsNum : 2
INFO main com.fanchen.xmlutil.XmlReader2DOM - insert into SQLite
INFO main com.fanchen.sqliteutil.SQLiteImpl - load driver class
INFO main com.fanchen.sqliteutil.SQLiteImpl - get connection success
INFO main com.fanchen.sqliteutil.SQLiteImpl - SQL : insert into message values(?,?,?)
INFO main com.fanchen.sqliteutil.SQLiteImpl - execute insert sql
INFO main com.fanchen.sqliteutil.SQLiteImpl - close sqlite db connection
INFO main com.fanchen.xmlutil.XmlReader2DOM - fetch attribute clus's id
INFO main com.fanchen.xmlutil.XmlReader2DOM - clusId : 224
INFO main com.fanchen.xmlutil.XmlReader2DOM - fetch element feature
INFO main com.fanchen.xmlutil.XmlReader2DOM - feature : 录取分数 查查 西安 
INFO main com.fanchen.xmlutil.XmlReader2DOM - fetch attribute docs's Num
INFO main com.fanchen.xmlutil.XmlReader2DOM - docsNum : 2
INFO main com.fanchen.xmlutil.XmlReader2DOM - insert into SQLite
INFO main com.fanchen.sqliteutil.SQLiteImpl - load driver class
INFO main com.fanchen.sqliteutil.SQLiteImpl - get connection success
INFO main com.fanchen.sqliteutil.SQLiteImpl - SQL : insert into message values(?,?,?)
INFO main com.fanchen.sqliteutil.SQLiteImpl - execute insert sql
INFO main com.fanchen.sqliteutil.SQLiteImpl - close sqlite db connection
INFO main com.fanchen.xmlutil.XmlReader2DOM - fetch attribute clus's id
INFO main com.fanchen.xmlutil.XmlReader2DOM - clusId : 225
INFO main com.fanchen.xmlutil.XmlReader2DOM - fetch element feature
INFO main com.fanchen.xmlutil.XmlReader2DOM - feature : 赖佳艺 紫薇 恒鈥 佳艺 赖佳 齐恒 思怡 艺鈥 怡鈥 
INFO main com.fanchen.xmlutil.XmlReader2DOM - fetch attribute docs's Num
INFO main com.fanchen.xmlutil.XmlReader2DOM - docsNum : 1
INFO main com.fanchen.xmlutil.XmlReader2DOM - insert into SQLite
INFO main com.fanchen.sqliteutil.SQLiteImpl - load driver class
INFO main com.fanchen.sqliteutil.SQLiteImpl - get connection success
INFO main com.fanchen.sqliteutil.SQLiteImpl - SQL : insert into message values(?,?,?)
INFO main com.fanchen.sqliteutil.SQLiteImpl - execute insert sql
INFO main com.fanchen.sqliteutil.SQLiteImpl - close sqlite db connection
INFO main com.fanchen.xmlutil.XmlReader2DOM - fetch attribute clus's id
INFO main com.fanchen.xmlutil.XmlReader2DOM - clusId : 226
INFO main com.fanchen.xmlutil.XmlReader2DOM - fetch element feature
INFO main com.fanchen.xmlutil.XmlReader2DOM - feature : 胡剑阳 胡剑 剑阳 
INFO main com.fanchen.xmlutil.XmlReader2DOM - fetch attribute docs's Num
INFO main com.fanchen.xmlutil.XmlReader2DOM - docsNum : 1
INFO main com.fanchen.xmlutil.XmlReader2DOM - insert into SQLite
INFO main com.fanchen.sqliteutil.SQLiteImpl - load driver class
INFO main com.fanchen.sqliteutil.SQLiteImpl - get connection success
INFO main com.fanchen.sqliteutil.SQLiteImpl - SQL : insert into message values(?,?,?)
INFO main com.fanchen.sqliteutil.SQLiteImpl - execute insert sql
INFO main com.fanchen.sqliteutil.SQLiteImpl - close sqlite db connection
INFO main com.fanchen.xmlutil.XmlReader2DOM - fetch attribute clus's id
INFO main com.fanchen.xmlutil.XmlReader2DOM - clusId : 227
INFO main com.fanchen.xmlutil.XmlReader2DOM - fetch element feature
INFO main com.fanchen.xmlutil.XmlReader2DOM - feature : 雷佳鑫 幸运 佳鑫 雷佳 鑫鈥 
INFO main com.fanchen.xmlutil.XmlReader2DOM - fetch attribute docs's Num
INFO main com.fanchen.xmlutil.XmlReader2DOM - docsNum : 1
INFO main com.fanchen.xmlutil.XmlReader2DOM - insert into SQLite
INFO main com.fanchen.sqliteutil.SQLiteImpl - load driver class
INFO main com.fanchen.sqliteutil.SQLiteImpl - get connection success
INFO main com.fanchen.sqliteutil.SQLiteImpl - SQL : insert into message values(?,?,?)
INFO main com.fanchen.sqliteutil.SQLiteImpl - execute insert sql
INFO main com.fanchen.sqliteutil.SQLiteImpl - close sqlite db connection
INFO main com.fanchen.xmlutil.XmlReader2DOM - fetch attribute clus's id
INFO main com.fanchen.xmlutil.XmlReader2DOM - clusId : 228
INFO main com.fanchen.xmlutil.XmlReader2DOM - fetch element feature
INFO main com.fanchen.xmlutil.XmlReader2DOM - feature : 刘琴琴 刘琴 琴琴 琴鈥 
INFO main com.fanchen.xmlutil.XmlReader2DOM - fetch attribute docs's Num
INFO main com.fanchen.xmlutil.XmlReader2DOM - docsNum : 1
INFO main com.fanchen.xmlutil.XmlReader2DOM - insert into SQLite
INFO main com.fanchen.sqliteutil.SQLiteImpl - load driver class
INFO main com.fanchen.sqliteutil.SQLiteImpl - get connection success
INFO main com.fanchen.sqliteutil.SQLiteImpl - SQL : insert into message values(?,?,?)
INFO main com.fanchen.sqliteutil.SQLiteImpl - execute insert sql
INFO main com.fanchen.sqliteutil.SQLiteImpl - close sqlite db connection
INFO main com.fanchen.xmlutil.XmlReader2DOM - fetch attribute clus's id
INFO main com.fanchen.xmlutil.XmlReader2DOM - clusId : 229
INFO main com.fanchen.xmlutil.XmlReader2DOM - fetch element feature
INFO main com.fanchen.xmlutil.XmlReader2DOM - feature : 龙聪洋 聪洋 龙聪 
INFO main com.fanchen.xmlutil.XmlReader2DOM - fetch attribute docs's Num
INFO main com.fanchen.xmlutil.XmlReader2DOM - docsNum : 1
INFO main com.fanchen.xmlutil.XmlReader2DOM - insert into SQLite
INFO main com.fanchen.sqliteutil.SQLiteImpl - load driver class
INFO main com.fanchen.sqliteutil.SQLiteImpl - get connection success
INFO main com.fanchen.sqliteutil.SQLiteImpl - SQL : insert into message values(?,?,?)
INFO main com.fanchen.sqliteutil.SQLiteImpl - execute insert sql
INFO main com.fanchen.sqliteutil.SQLiteImpl - close sqlite db connection
INFO main com.fanchen.xmlutil.XmlReader2DOM - fetch attribute clus's id
INFO main com.fanchen.xmlutil.XmlReader2DOM - clusId : 230
INFO main com.fanchen.xmlutil.XmlReader2DOM - fetch element feature
INFO main com.fanchen.xmlutil.XmlReader2DOM - feature : 马甸桥 北京 笔记 大厦 到点 报酬 地址 点名 东华 
INFO main com.fanchen.xmlutil.XmlReader2DOM - fetch attribute docs's Num
INFO main com.fanchen.xmlutil.XmlReader2DOM - docsNum : 1
INFO main com.fanchen.xmlutil.XmlReader2DOM - insert into SQLite
INFO main com.fanchen.sqliteutil.SQLiteImpl - load driver class
INFO main com.fanchen.sqliteutil.SQLiteImpl - get connection success
INFO main com.fanchen.sqliteutil.SQLiteImpl - SQL : insert into message values(?,?,?)
INFO main com.fanchen.sqliteutil.SQLiteImpl - execute insert sql
INFO main com.fanchen.sqliteutil.SQLiteImpl - close sqlite db connection
INFO main com.fanchen.xmlutil.XmlReader2DOM - fetch attribute clus's id
INFO main com.fanchen.xmlutil.XmlReader2DOM - clusId : 231
INFO main com.fanchen.xmlutil.XmlReader2DOM - fetch element feature
INFO main com.fanchen.xmlutil.XmlReader2DOM - feature : 乔浩杰 三星 浩杰 乔浩 
INFO main com.fanchen.xmlutil.XmlReader2DOM - fetch attribute docs's Num
INFO main com.fanchen.xmlutil.XmlReader2DOM - docsNum : 1
INFO main com.fanchen.xmlutil.XmlReader2DOM - insert into SQLite
INFO main com.fanchen.sqliteutil.SQLiteImpl - load driver class
INFO main com.fanchen.sqliteutil.SQLiteImpl - get connection success
INFO main com.fanchen.sqliteutil.SQLiteImpl - SQL : insert into message values(?,?,?)
INFO main com.fanchen.sqliteutil.SQLiteImpl - execute insert sql
INFO main com.fanchen.sqliteutil.SQLiteImpl - close sqlite db connection
INFO main com.fanchen.xmlutil.XmlReader2DOM - fetch attribute clus's id
INFO main com.fanchen.xmlutil.XmlReader2DOM - clusId : 232
INFO main com.fanchen.xmlutil.XmlReader2DOM - fetch element feature
INFO main com.fanchen.xmlutil.XmlReader2DOM - feature : 鈻篰 妙脆角 可爱 翻译 篰鈻 
INFO main com.fanchen.xmlutil.XmlReader2DOM - fetch attribute docs's Num
INFO main com.fanchen.xmlutil.XmlReader2DOM - docsNum : 1
INFO main com.fanchen.xmlutil.XmlReader2DOM - insert into SQLite
INFO main com.fanchen.sqliteutil.SQLiteImpl - load driver class
INFO main com.fanchen.sqliteutil.SQLiteImpl - get connection success
INFO main com.fanchen.sqliteutil.SQLiteImpl - SQL : insert into message values(?,?,?)
INFO main com.fanchen.sqliteutil.SQLiteImpl - execute insert sql
INFO main com.fanchen.sqliteutil.SQLiteImpl - close sqlite db connection
INFO main com.fanchen.xmlutil.XmlReader2DOM - fetch attribute clus's id
INFO main com.fanchen.xmlutil.XmlReader2DOM - clusId : 233
INFO main com.fanchen.xmlutil.XmlReader2DOM - fetch element feature
INFO main com.fanchen.xmlutil.XmlReader2DOM - feature : 王菀莹 王菀 莹鈥 颖哥 菀莹 
INFO main com.fanchen.xmlutil.XmlReader2DOM - fetch attribute docs's Num
INFO main com.fanchen.xmlutil.XmlReader2DOM - docsNum : 1
INFO main com.fanchen.xmlutil.XmlReader2DOM - insert into SQLite
INFO main com.fanchen.sqliteutil.SQLiteImpl - load driver class
INFO main com.fanchen.sqliteutil.SQLiteImpl - get connection success
INFO main com.fanchen.sqliteutil.SQLiteImpl - SQL : insert into message values(?,?,?)
INFO main com.fanchen.sqliteutil.SQLiteImpl - execute insert sql
INFO main com.fanchen.sqliteutil.SQLiteImpl - close sqlite db connection
INFO main com.fanchen.xmlutil.XmlReader2DOM - fetch attribute clus's id
INFO main com.fanchen.xmlutil.XmlReader2DOM - clusId : 234
INFO main com.fanchen.xmlutil.XmlReader2DOM - fetch element feature
INFO main com.fanchen.xmlutil.XmlReader2DOM - feature : 帛嗖 硩嗖 簿嗖 硜嗖 矖喑 菠嗖 菠喑 拨嗖 渤嗖 
INFO main com.fanchen.xmlutil.XmlReader2DOM - fetch attribute docs's Num
INFO main com.fanchen.xmlutil.XmlReader2DOM - docsNum : 1
INFO main com.fanchen.xmlutil.XmlReader2DOM - insert into SQLite
INFO main com.fanchen.sqliteutil.SQLiteImpl - load driver class
INFO main com.fanchen.sqliteutil.SQLiteImpl - get connection success
INFO main com.fanchen.sqliteutil.SQLiteImpl - SQL : insert into message values(?,?,?)
INFO main com.fanchen.sqliteutil.SQLiteImpl - execute insert sql
INFO main com.fanchen.sqliteutil.SQLiteImpl - close sqlite db connection
INFO main com.fanchen.xmlutil.XmlReader2DOM - fetch attribute clus's id
INFO main com.fanchen.xmlutil.XmlReader2DOM - clusId : 235
INFO main com.fanchen.xmlutil.XmlReader2DOM - fetch element feature
INFO main com.fanchen.xmlutil.XmlReader2DOM - feature : 敏感词汇 
INFO main com.fanchen.xmlutil.XmlReader2DOM - fetch attribute docs's Num
INFO main com.fanchen.xmlutil.XmlReader2DOM - docsNum : 1
INFO main com.fanchen.xmlutil.XmlReader2DOM - insert into SQLite
INFO main com.fanchen.sqliteutil.SQLiteImpl - load driver class
INFO main com.fanchen.sqliteutil.SQLiteImpl - get connection success
INFO main com.fanchen.sqliteutil.SQLiteImpl - SQL : insert into message values(?,?,?)
INFO main com.fanchen.sqliteutil.SQLiteImpl - execute insert sql
INFO main com.fanchen.sqliteutil.SQLiteImpl - close sqlite db connection
INFO main com.fanchen.xmlutil.XmlReader2DOM - fetch attribute clus's id
INFO main com.fanchen.xmlutil.XmlReader2DOM - clusId : 236
INFO main com.fanchen.xmlutil.XmlReader2DOM - fetch element feature
INFO main com.fanchen.xmlutil.XmlReader2DOM - feature : 秋裤 几度 西安 战斗机 播放 收秋 循环 北京 中国 
INFO main com.fanchen.xmlutil.XmlReader2DOM - fetch attribute docs's Num
INFO main com.fanchen.xmlutil.XmlReader2DOM - docsNum : 1
INFO main com.fanchen.xmlutil.XmlReader2DOM - insert into SQLite
INFO main com.fanchen.sqliteutil.SQLiteImpl - load driver class
INFO main com.fanchen.sqliteutil.SQLiteImpl - get connection success
INFO main com.fanchen.sqliteutil.SQLiteImpl - SQL : insert into message values(?,?,?)
INFO main com.fanchen.sqliteutil.SQLiteImpl - execute insert sql
INFO main com.fanchen.sqliteutil.SQLiteImpl - close sqlite db connection
INFO main com.fanchen.xmlutil.XmlReader2DOM - fetch attribute clus's id
INFO main com.fanchen.xmlutil.XmlReader2DOM - clusId : 237
INFO main com.fanchen.xmlutil.XmlReader2DOM - fetch element feature
INFO main com.fanchen.xmlutil.XmlReader2DOM - feature : 李莎 
INFO main com.fanchen.xmlutil.XmlReader2DOM - fetch attribute docs's Num
INFO main com.fanchen.xmlutil.XmlReader2DOM - docsNum : 1
INFO main com.fanchen.xmlutil.XmlReader2DOM - insert into SQLite
INFO main com.fanchen.sqliteutil.SQLiteImpl - load driver class
INFO main com.fanchen.sqliteutil.SQLiteImpl - get connection success
INFO main com.fanchen.sqliteutil.SQLiteImpl - SQL : insert into message values(?,?,?)
INFO main com.fanchen.sqliteutil.SQLiteImpl - execute insert sql
INFO main com.fanchen.sqliteutil.SQLiteImpl - close sqlite db connection
INFO main com.fanchen.xmlutil.XmlReader2DOM - fetch attribute clus's id
INFO main com.fanchen.xmlutil.XmlReader2DOM - clusId : 238
INFO main com.fanchen.xmlutil.XmlReader2DOM - fetch element feature
INFO main com.fanchen.xmlutil.XmlReader2DOM - feature : 勾魂 成都 特产 
INFO main com.fanchen.xmlutil.XmlReader2DOM - fetch attribute docs's Num
INFO main com.fanchen.xmlutil.XmlReader2DOM - docsNum : 1
INFO main com.fanchen.xmlutil.XmlReader2DOM - insert into SQLite
INFO main com.fanchen.sqliteutil.SQLiteImpl - load driver class
INFO main com.fanchen.sqliteutil.SQLiteImpl - get connection success
INFO main com.fanchen.sqliteutil.SQLiteImpl - SQL : insert into message values(?,?,?)
INFO main com.fanchen.sqliteutil.SQLiteImpl - execute insert sql
INFO main com.fanchen.sqliteutil.SQLiteImpl - close sqlite db connection
INFO main com.fanchen.xmlutil.XmlReader2DOM - fetch attribute clus's id
INFO main com.fanchen.xmlutil.XmlReader2DOM - clusId : 239
INFO main com.fanchen.xmlutil.XmlReader2DOM - fetch element feature
INFO main com.fanchen.xmlutil.XmlReader2DOM - feature : 李亚东 学长 亚东 
INFO main com.fanchen.xmlutil.XmlReader2DOM - fetch attribute docs's Num
INFO main com.fanchen.xmlutil.XmlReader2DOM - docsNum : 1
INFO main com.fanchen.xmlutil.XmlReader2DOM - insert into SQLite
INFO main com.fanchen.sqliteutil.SQLiteImpl - load driver class
INFO main com.fanchen.sqliteutil.SQLiteImpl - get connection success
INFO main com.fanchen.sqliteutil.SQLiteImpl - SQL : insert into message values(?,?,?)
INFO main com.fanchen.sqliteutil.SQLiteImpl - execute insert sql
INFO main com.fanchen.sqliteutil.SQLiteImpl - close sqlite db connection
INFO main com.fanchen.xmlutil.XmlReader2DOM - fetch attribute clus's id
INFO main com.fanchen.xmlutil.XmlReader2DOM - clusId : 240
INFO main com.fanchen.xmlutil.XmlReader2DOM - fetch element feature
INFO main com.fanchen.xmlutil.XmlReader2DOM - feature : 陕西校友会 清华 校友会咩 
INFO main com.fanchen.xmlutil.XmlReader2DOM - fetch attribute docs's Num
INFO main com.fanchen.xmlutil.XmlReader2DOM - docsNum : 1
INFO main com.fanchen.xmlutil.XmlReader2DOM - insert into SQLite
INFO main com.fanchen.sqliteutil.SQLiteImpl - load driver class
INFO main com.fanchen.sqliteutil.SQLiteImpl - get connection success
INFO main com.fanchen.sqliteutil.SQLiteImpl - SQL : insert into message values(?,?,?)
INFO main com.fanchen.sqliteutil.SQLiteImpl - execute insert sql
INFO main com.fanchen.sqliteutil.SQLiteImpl - close sqlite db connection
INFO main com.fanchen.xmlutil.XmlReader2DOM - fetch attribute clus's id
INFO main com.fanchen.xmlutil.XmlReader2DOM - clusId : 241
INFO main com.fanchen.xmlutil.XmlReader2DOM - fetch element feature
INFO main com.fanchen.xmlutil.XmlReader2DOM - feature : 神秘代码 红包 比如说 付款 结账 聊天 串神秘 解锁 
INFO main com.fanchen.xmlutil.XmlReader2DOM - fetch attribute docs's Num
INFO main com.fanchen.xmlutil.XmlReader2DOM - docsNum : 1
INFO main com.fanchen.xmlutil.XmlReader2DOM - insert into SQLite
INFO main com.fanchen.sqliteutil.SQLiteImpl - load driver class
INFO main com.fanchen.sqliteutil.SQLiteImpl - get connection success
INFO main com.fanchen.sqliteutil.SQLiteImpl - SQL : insert into message values(?,?,?)
INFO main com.fanchen.sqliteutil.SQLiteImpl - execute insert sql
INFO main com.fanchen.sqliteutil.SQLiteImpl - close sqlite db connection
INFO main com.fanchen.xmlutil.XmlReader2DOM - fetch attribute clus's id
INFO main com.fanchen.xmlutil.XmlReader2DOM - clusId : 242
INFO main com.fanchen.xmlutil.XmlReader2DOM - fetch element feature
INFO main com.fanchen.xmlutil.XmlReader2DOM - feature : 圣诞快乐 快乐 圣诞 
INFO main com.fanchen.xmlutil.XmlReader2DOM - fetch attribute docs's Num
INFO main com.fanchen.xmlutil.XmlReader2DOM - docsNum : 1
INFO main com.fanchen.xmlutil.XmlReader2DOM - insert into SQLite
INFO main com.fanchen.sqliteutil.SQLiteImpl - load driver class
INFO main com.fanchen.sqliteutil.SQLiteImpl - get connection success
INFO main com.fanchen.sqliteutil.SQLiteImpl - SQL : insert into message values(?,?,?)
INFO main com.fanchen.sqliteutil.SQLiteImpl - execute insert sql
INFO main com.fanchen.sqliteutil.SQLiteImpl - close sqlite db connection
INFO main com.fanchen.xmlutil.XmlReader2DOM - fetch attribute clus's id
INFO main com.fanchen.xmlutil.XmlReader2DOM - clusId : 243
INFO main com.fanchen.xmlutil.XmlReader2DOM - fetch element feature
INFO main com.fanchen.xmlutil.XmlReader2DOM - feature : 思佳 本科 宝宝 调剂 分数 简历 面试 名额 学校 
INFO main com.fanchen.xmlutil.XmlReader2DOM - fetch attribute docs's Num
INFO main com.fanchen.xmlutil.XmlReader2DOM - docsNum : 1
INFO main com.fanchen.xmlutil.XmlReader2DOM - insert into SQLite
INFO main com.fanchen.sqliteutil.SQLiteImpl - load driver class
INFO main com.fanchen.sqliteutil.SQLiteImpl - get connection success
INFO main com.fanchen.sqliteutil.SQLiteImpl - SQL : insert into message values(?,?,?)
INFO main com.fanchen.sqliteutil.SQLiteImpl - execute insert sql
INFO main com.fanchen.sqliteutil.SQLiteImpl - close sqlite db connection
INFO main com.fanchen.xmlutil.XmlReader2DOM - fetch attribute clus's id
INFO main com.fanchen.xmlutil.XmlReader2DOM - clusId : 244
INFO main com.fanchen.xmlutil.XmlReader2DOM - fetch element feature
INFO main com.fanchen.xmlutil.XmlReader2DOM - feature : 蜗牛小小 双胞胎 蜗牛 小小 学长 
INFO main com.fanchen.xmlutil.XmlReader2DOM - fetch attribute docs's Num
INFO main com.fanchen.xmlutil.XmlReader2DOM - docsNum : 1
INFO main com.fanchen.xmlutil.XmlReader2DOM - insert into SQLite
INFO main com.fanchen.sqliteutil.SQLiteImpl - load driver class
INFO main com.fanchen.sqliteutil.SQLiteImpl - get connection success
INFO main com.fanchen.sqliteutil.SQLiteImpl - SQL : insert into message values(?,?,?)
INFO main com.fanchen.sqliteutil.SQLiteImpl - execute insert sql
INFO main com.fanchen.sqliteutil.SQLiteImpl - close sqlite db connection
INFO main com.fanchen.xmlutil.XmlReader2DOM - fetch attribute clus's id
INFO main com.fanchen.xmlutil.XmlReader2DOM - clusId : 245
INFO main com.fanchen.xmlutil.XmlReader2DOM - fetch element feature
INFO main com.fanchen.xmlutil.XmlReader2DOM - feature : 兵哥哥 勾搭 美女 
INFO main com.fanchen.xmlutil.XmlReader2DOM - fetch attribute docs's Num
INFO main com.fanchen.xmlutil.XmlReader2DOM - docsNum : 1
INFO main com.fanchen.xmlutil.XmlReader2DOM - insert into SQLite
INFO main com.fanchen.sqliteutil.SQLiteImpl - load driver class
INFO main com.fanchen.sqliteutil.SQLiteImpl - get connection success
INFO main com.fanchen.sqliteutil.SQLiteImpl - SQL : insert into message values(?,?,?)
INFO main com.fanchen.sqliteutil.SQLiteImpl - execute insert sql
INFO main com.fanchen.sqliteutil.SQLiteImpl - close sqlite db connection
INFO main com.fanchen.xmlutil.XmlReader2DOM - fetch attribute clus's id
INFO main com.fanchen.xmlutil.XmlReader2DOM - clusId : 246
INFO main com.fanchen.xmlutil.XmlReader2DOM - fetch element feature
INFO main com.fanchen.xmlutil.XmlReader2DOM - feature : 常住户口 计划生育 居住地 机动车 出具 出入境 代为 监护人 近亲 
INFO main com.fanchen.xmlutil.XmlReader2DOM - fetch attribute docs's Num
INFO main com.fanchen.xmlutil.XmlReader2DOM - docsNum : 1
INFO main com.fanchen.xmlutil.XmlReader2DOM - insert into SQLite
INFO main com.fanchen.sqliteutil.SQLiteImpl - load driver class
INFO main com.fanchen.sqliteutil.SQLiteImpl - get connection success
INFO main com.fanchen.sqliteutil.SQLiteImpl - SQL : insert into message values(?,?,?)
INFO main com.fanchen.sqliteutil.SQLiteImpl - execute insert sql
INFO main com.fanchen.sqliteutil.SQLiteImpl - close sqlite db connection
INFO main com.fanchen.xmlutil.XmlReader2DOM - fetch attribute clus's id
INFO main com.fanchen.xmlutil.XmlReader2DOM - clusId : 247
INFO main com.fanchen.xmlutil.XmlReader2DOM - fetch element feature
INFO main com.fanchen.xmlutil.XmlReader2DOM - feature : 醼羔 醼醼 醼横醼 醼贬醼 醼丰醼 醼羔醼 醼踞醼 竈醼 贯醼 篰醼 
INFO main com.fanchen.xmlutil.XmlReader2DOM - fetch attribute docs's Num
INFO main com.fanchen.xmlutil.XmlReader2DOM - docsNum : 1
INFO main com.fanchen.xmlutil.XmlReader2DOM - insert into SQLite
INFO main com.fanchen.sqliteutil.SQLiteImpl - load driver class
INFO main com.fanchen.sqliteutil.SQLiteImpl - get connection success
INFO main com.fanchen.sqliteutil.SQLiteImpl - SQL : insert into message values(?,?,?)
INFO main com.fanchen.sqliteutil.SQLiteImpl - execute insert sql
INFO main com.fanchen.sqliteutil.SQLiteImpl - close sqlite db connection
INFO main com.fanchen.xmlutil.XmlReader2DOM - fetch attribute clus's id
INFO main com.fanchen.xmlutil.XmlReader2DOM - clusId : 248
INFO main com.fanchen.xmlutil.XmlReader2DOM - fetch element feature
INFO main com.fanchen.xmlutil.XmlReader2DOM - feature : 秀秀 
INFO main com.fanchen.xmlutil.XmlReader2DOM - fetch attribute docs's Num
INFO main com.fanchen.xmlutil.XmlReader2DOM - docsNum : 1
INFO main com.fanchen.xmlutil.XmlReader2DOM - insert into SQLite
INFO main com.fanchen.sqliteutil.SQLiteImpl - load driver class
INFO main com.fanchen.sqliteutil.SQLiteImpl - get connection success
INFO main com.fanchen.sqliteutil.SQLiteImpl - SQL : insert into message values(?,?,?)
INFO main com.fanchen.sqliteutil.SQLiteImpl - execute insert sql
INFO main com.fanchen.sqliteutil.SQLiteImpl - close sqlite db connection
INFO main com.fanchen.xmlutil.XmlReader2DOM - fetch attribute clus's id
INFO main com.fanchen.xmlutil.XmlReader2DOM - clusId : 249
INFO main com.fanchen.xmlutil.XmlReader2DOM - fetch element feature
INFO main com.fanchen.xmlutil.XmlReader2DOM - feature : 充磁 
INFO main com.fanchen.xmlutil.XmlReader2DOM - fetch attribute docs's Num
INFO main com.fanchen.xmlutil.XmlReader2DOM - docsNum : 1
INFO main com.fanchen.xmlutil.XmlReader2DOM - insert into SQLite
INFO main com.fanchen.sqliteutil.SQLiteImpl - load driver class
INFO main com.fanchen.sqliteutil.SQLiteImpl - get connection success
INFO main com.fanchen.sqliteutil.SQLiteImpl - SQL : insert into message values(?,?,?)
INFO main com.fanchen.sqliteutil.SQLiteImpl - execute insert sql
INFO main com.fanchen.sqliteutil.SQLiteImpl - close sqlite db connection
INFO main com.fanchen.xmlutil.XmlReader2DOM - fetch attribute clus's id
INFO main com.fanchen.xmlutil.XmlReader2DOM - clusId : 250
INFO main com.fanchen.xmlutil.XmlReader2DOM - fetch element feature
INFO main com.fanchen.xmlutil.XmlReader2DOM - feature : 覊覊 只争朝夕 群聊 
INFO main com.fanchen.xmlutil.XmlReader2DOM - fetch attribute docs's Num
INFO main com.fanchen.xmlutil.XmlReader2DOM - docsNum : 1
INFO main com.fanchen.xmlutil.XmlReader2DOM - insert into SQLite
INFO main com.fanchen.sqliteutil.SQLiteImpl - load driver class
INFO main com.fanchen.sqliteutil.SQLiteImpl - get connection success
INFO main com.fanchen.sqliteutil.SQLiteImpl - SQL : insert into message values(?,?,?)
INFO main com.fanchen.sqliteutil.SQLiteImpl - execute insert sql
INFO main com.fanchen.sqliteutil.SQLiteImpl - close sqlite db connection
INFO main com.fanchen.xmlutil.XmlReader2DOM - fetch attribute clus's id
INFO main com.fanchen.xmlutil.XmlReader2DOM - clusId : 251
INFO main com.fanchen.xmlutil.XmlReader2DOM - fetch element feature
INFO main com.fanchen.xmlutil.XmlReader2DOM - feature : 淘气值 瓜分 红包 手机 浏览器 击链 淘宝 
INFO main com.fanchen.xmlutil.XmlReader2DOM - fetch attribute docs's Num
INFO main com.fanchen.xmlutil.XmlReader2DOM - docsNum : 1
INFO main com.fanchen.xmlutil.XmlReader2DOM - insert into SQLite
INFO main com.fanchen.sqliteutil.SQLiteImpl - load driver class
INFO main com.fanchen.sqliteutil.SQLiteImpl - get connection success
INFO main com.fanchen.sqliteutil.SQLiteImpl - SQL : insert into message values(?,?,?)
INFO main com.fanchen.sqliteutil.SQLiteImpl - execute insert sql
INFO main com.fanchen.sqliteutil.SQLiteImpl - close sqlite db connection
INFO main com.fanchen.xmlutil.XmlReader2DOM - fetch attribute clus's id
INFO main com.fanchen.xmlutil.XmlReader2DOM - clusId : 252
INFO main com.fanchen.xmlutil.XmlReader2DOM - fetch element feature
INFO main com.fanchen.xmlutil.XmlReader2DOM - feature : 赞喽 喽赞 
INFO main com.fanchen.xmlutil.XmlReader2DOM - fetch attribute docs's Num
INFO main com.fanchen.xmlutil.XmlReader2DOM - docsNum : 1
INFO main com.fanchen.xmlutil.XmlReader2DOM - insert into SQLite
INFO main com.fanchen.sqliteutil.SQLiteImpl - load driver class
INFO main com.fanchen.sqliteutil.SQLiteImpl - get connection success
INFO main com.fanchen.sqliteutil.SQLiteImpl - SQL : insert into message values(?,?,?)
INFO main com.fanchen.sqliteutil.SQLiteImpl - execute insert sql
INFO main com.fanchen.sqliteutil.SQLiteImpl - close sqlite db connection
INFO main com.fanchen.xmlutil.XmlReader2DOM - fetch attribute clus's id
INFO main com.fanchen.xmlutil.XmlReader2DOM - clusId : 253
INFO main com.fanchen.xmlutil.XmlReader2DOM - fetch element feature
INFO main com.fanchen.xmlutil.XmlReader2DOM - feature : 赵轩 定金 高强 郭帅 洁郭 邵洁 帅石 轩邵 
INFO main com.fanchen.xmlutil.XmlReader2DOM - fetch attribute docs's Num
INFO main com.fanchen.xmlutil.XmlReader2DOM - docsNum : 1
INFO main com.fanchen.xmlutil.XmlReader2DOM - insert into SQLite
INFO main com.fanchen.sqliteutil.SQLiteImpl - load driver class
INFO main com.fanchen.sqliteutil.SQLiteImpl - get connection success
INFO main com.fanchen.sqliteutil.SQLiteImpl - SQL : insert into message values(?,?,?)
INFO main com.fanchen.sqliteutil.SQLiteImpl - execute insert sql
INFO main com.fanchen.sqliteutil.SQLiteImpl - close sqlite db connection
INFO main com.fanchen.xmlutil.XmlReader2DOM - fetch attribute clus's id
INFO main com.fanchen.xmlutil.XmlReader2DOM - clusId : 254
INFO main com.fanchen.xmlutil.XmlReader2DOM - fetch element feature
INFO main com.fanchen.xmlutil.XmlReader2DOM - feature :  快乐 
INFO main com.fanchen.xmlutil.XmlReader2DOM - fetch attribute docs's Num
INFO main com.fanchen.xmlutil.XmlReader2DOM - docsNum : 1
INFO main com.fanchen.xmlutil.XmlReader2DOM - insert into SQLite
INFO main com.fanchen.sqliteutil.SQLiteImpl - load driver class
INFO main com.fanchen.sqliteutil.SQLiteImpl - get connection success
INFO main com.fanchen.sqliteutil.SQLiteImpl - SQL : insert into message values(?,?,?)
INFO main com.fanchen.sqliteutil.SQLiteImpl - execute insert sql
INFO main com.fanchen.sqliteutil.SQLiteImpl - close sqlite db connection
INFO main com.fanchen.xmlutil.XmlReader2DOM - fetch attribute clus's id
INFO main com.fanchen.xmlutil.XmlReader2DOM - clusId : 255
INFO main com.fanchen.xmlutil.XmlReader2DOM - fetch element feature
INFO main com.fanchen.xmlutil.XmlReader2DOM - feature :  平安 快乐 圣诞快乐 顺意 心想事成 意 家人 圣诞 
INFO main com.fanchen.xmlutil.XmlReader2DOM - fetch attribute docs's Num
INFO main com.fanchen.xmlutil.XmlReader2DOM - docsNum : 1
INFO main com.fanchen.xmlutil.XmlReader2DOM - insert into SQLite
INFO main com.fanchen.sqliteutil.SQLiteImpl - load driver class
INFO main com.fanchen.sqliteutil.SQLiteImpl - get connection success
INFO main com.fanchen.sqliteutil.SQLiteImpl - SQL : insert into message values(?,?,?)
INFO main com.fanchen.sqliteutil.SQLiteImpl - execute insert sql
INFO main com.fanchen.sqliteutil.SQLiteImpl - close sqlite db connection
INFO main com.fanchen.xmlutil.XmlReader2DOM - fetch attribute clus's id
INFO main com.fanchen.xmlutil.XmlReader2DOM - clusId : 256
INFO main com.fanchen.xmlutil.XmlReader2DOM - fetch element feature
INFO main com.fanchen.xmlutil.XmlReader2DOM - feature :  
INFO main com.fanchen.xmlutil.XmlReader2DOM - fetch attribute docs's Num
INFO main com.fanchen.xmlutil.XmlReader2DOM - docsNum : 1
INFO main com.fanchen.xmlutil.XmlReader2DOM - insert into SQLite
INFO main com.fanchen.sqliteutil.SQLiteImpl - load driver class
INFO main com.fanchen.sqliteutil.SQLiteImpl - get connection success
INFO main com.fanchen.sqliteutil.SQLiteImpl - SQL : insert into message values(?,?,?)
INFO main com.fanchen.sqliteutil.SQLiteImpl - execute insert sql
INFO main com.fanchen.sqliteutil.SQLiteImpl - close sqlite db connection
INFO main com.fanchen.xmlutil.XmlReader2DOM - fetch attribute clus's id
INFO main com.fanchen.xmlutil.XmlReader2DOM - clusId : 257
INFO main com.fanchen.xmlutil.XmlReader2DOM - fetch element feature
INFO main com.fanchen.xmlutil.XmlReader2DOM - feature : 众众 
INFO main com.fanchen.xmlutil.XmlReader2DOM - fetch attribute docs's Num
INFO main com.fanchen.xmlutil.XmlReader2DOM - docsNum : 1
INFO main com.fanchen.xmlutil.XmlReader2DOM - insert into SQLite
INFO main com.fanchen.sqliteutil.SQLiteImpl - load driver class
INFO main com.fanchen.sqliteutil.SQLiteImpl - get connection success
INFO main com.fanchen.sqliteutil.SQLiteImpl - SQL : insert into message values(?,?,?)
INFO main com.fanchen.sqliteutil.SQLiteImpl - execute insert sql
INFO main com.fanchen.sqliteutil.SQLiteImpl - close sqlite db connection
INFO main com.fanchen.xmlutil.XmlReader2DOM - fetch attribute clus's id
INFO main com.fanchen.xmlutil.XmlReader2DOM - clusId : 258
INFO main com.fanchen.xmlutil.XmlReader2DOM - fetch element feature
INFO main com.fanchen.xmlutil.XmlReader2DOM - feature : 粥盐 盐鈥 
INFO main com.fanchen.xmlutil.XmlReader2DOM - fetch attribute docs's Num
INFO main com.fanchen.xmlutil.XmlReader2DOM - docsNum : 1
INFO main com.fanchen.xmlutil.XmlReader2DOM - insert into SQLite
INFO main com.fanchen.sqliteutil.SQLiteImpl - load driver class
INFO main com.fanchen.sqliteutil.SQLiteImpl - get connection success
INFO main com.fanchen.sqliteutil.SQLiteImpl - SQL : insert into message values(?,?,?)
INFO main com.fanchen.sqliteutil.SQLiteImpl - execute insert sql
INFO main com.fanchen.sqliteutil.SQLiteImpl - close sqlite db connection
INFO main com.fanchen.xmlutil.XmlReader2DOM - fetch attribute clus's id
INFO main com.fanchen.xmlutil.XmlReader2DOM - clusId : 259
INFO main com.fanchen.xmlutil.XmlReader2DOM - fetch element feature
INFO main com.fanchen.xmlutil.XmlReader2DOM - feature : 曹娥 端午节 安康 快乐 悲壮 祭祀 钱塘江 清明节 屈原 
INFO main com.fanchen.xmlutil.XmlReader2DOM - fetch attribute docs's Num
INFO main com.fanchen.xmlutil.XmlReader2DOM - docsNum : 1
INFO main com.fanchen.xmlutil.XmlReader2DOM - insert into SQLite
INFO main com.fanchen.sqliteutil.SQLiteImpl - load driver class
INFO main com.fanchen.sqliteutil.SQLiteImpl - get connection success
INFO main com.fanchen.sqliteutil.SQLiteImpl - SQL : insert into message values(?,?,?)
INFO main com.fanchen.sqliteutil.SQLiteImpl - execute insert sql
INFO main com.fanchen.sqliteutil.SQLiteImpl - close sqlite db connection
INFO main com.fanchen.xmlutil.XmlReader2DOM - fetch attribute clus's id
INFO main com.fanchen.xmlutil.XmlReader2DOM - clusId : 260
INFO main com.fanchen.xmlutil.XmlReader2DOM - fetch element feature
INFO main com.fanchen.xmlutil.XmlReader2DOM - feature : 王梓 梓凯 
INFO main com.fanchen.xmlutil.XmlReader2DOM - fetch attribute docs's Num
INFO main com.fanchen.xmlutil.XmlReader2DOM - docsNum : 1
INFO main com.fanchen.xmlutil.XmlReader2DOM - insert into SQLite
INFO main com.fanchen.sqliteutil.SQLiteImpl - load driver class
INFO main com.fanchen.sqliteutil.SQLiteImpl - get connection success
INFO main com.fanchen.sqliteutil.SQLiteImpl - SQL : insert into message values(?,?,?)
INFO main com.fanchen.sqliteutil.SQLiteImpl - execute insert sql
INFO main com.fanchen.sqliteutil.SQLiteImpl - close sqlite db connection
